Using pre-set license
Built from '2020.2/release' branch; Version is '2020.2.2f1 (068178b99f32) revision 426360'; Using compiler version '192528614'; Build Type 'Release'
OS: 'Windows 10 Home; OS build 19042.985; Version 2009; 64bit' Language: 'en' Physical Memory: 32690 MB
BatchMode: 1, IsHumanControllingUs: 0, StartBugReporterOnCrash: 0, Is64bit: 1, IsPro: 0

 COMMAND LINE ARGUMENTS:
C:\Program Files (x86)\2020.2.2f1\Editor\Unity.exe
-adb2
-batchMode
-noUpm
-name
AssetImportWorker1
-projectPath
D:/CET345/CET345Game/RockandStonev0.01
-logFile
Logs/AssetImportWorker1.log
-srvPort
63760
Successfully changed project path to: D:/CET345/CET345Game/RockandStonev0.01
D:/CET345/CET345Game/RockandStonev0.01
Using Asset Import Pipeline V2.
Refreshing native plugins compatible for Editor in 53.76 ms, found 0 plugins.
Preloading 0 native plugins for Editor in 0.00 ms.
Initialize engine version: 2020.2.2f1 (068178b99f32)
[Subsystems] Discovering subsystems at path C:/Program Files (x86)/2020.2.2f1/Editor/Data/Resources/UnitySubsystems
[Subsystems] Discovering subsystems at path D:/CET345/CET345Game/RockandStonev0.01/Assets
GfxDevice: creating device client; threaded=0
Direct3D:
    Version:  Direct3D 11.0 [level 11.1]
    Renderer: NVIDIA GeForce RTX 3080 (ID=0x2206)
    Vendor:   
    VRAM:     10078 MB
    Driver:   27.21.14.6647
Initialize mono
Mono path[0] = 'C:/Program Files (x86)/2020.2.2f1/Editor/Data/Managed'
Mono path[1] = 'C:/Program Files (x86)/2020.2.2f1/Editor/Data/MonoBleedingEdge/lib/mono/unityjit'
Mono config path = 'C:/Program Files (x86)/2020.2.2f1/Editor/Data/MonoBleedingEdge/etc'
Using monoOptions --debugger-agent=transport=dt_socket,embedding=1,server=y,suspend=n,address=127.0.0.1:56712
Begin MonoManager ReloadAssembly
Registering precompiled unity dll's ...
Register platform support module: C:/Program Files (x86)/2020.2.2f1/Editor/Data/PlaybackEngines/WindowsStandaloneSupport/UnityEditor.WindowsStandalone.Extensions.dll
Registered in 0.001363 seconds.
Native extension for WindowsStandalone target not found
Refreshing native plugins compatible for Editor in 82.15 ms, found 0 plugins.
Preloading 0 native plugins for Editor in 0.00 ms.
Invoked RoslynAnalysisRunner static constructor.
RoslynAnalysisRunner will not be running.
RoslynAnalysisRunner has terminated.
Mono: successfully reloaded assembly
- Completed reload, in  0.847 seconds
Platform modules already initialized, skipping
Registering precompiled user dll's ...
Registered in 0.000943 seconds.
Begin MonoManager ReloadAssembly
Native extension for WindowsStandalone target not found
Refreshing native plugins compatible for Editor in 56.35 ms, found 0 plugins.
Preloading 0 native plugins for Editor in 0.00 ms.
Invoked RoslynAnalysisRunner static constructor.
RoslynAnalysisRunner will not be running.
RoslynAnalysisRunner has terminated.
Mono: successfully reloaded assembly
- Completed reload, in  0.844 seconds
Platform modules already initialized, skipping
========================================================================
Worker process is ready to serve import requests
Launched and connected shader compiler UnityShaderCompiler.exe after 0.06 seconds
Refreshing native plugins compatible for Editor in 0.46 ms, found 0 plugins.
Preloading 0 native plugins for Editor in 0.00 ms.
Unloading 3373 Unused Serialized files (Serialized files now loaded: 0)
System memory in use before: 149.3 MB.
System memory in use after: 145.2 MB.

Unloading 81 unused Assets to reduce memory usage. Loaded Objects now: 3755.
Total: 5.142500 ms (FindLiveObjects: 0.282100 ms CreateObjectMapping: 0.166300 ms MarkObjects: 2.740500 ms  DeleteObjects: 1.952700 ms)

========================================================================
Received Import Request.
  path: ProjectSettings/TagManager.asset
  artifactKey: Guid(00000000000000003000000000000000) Importer(815301076,1909f56bfc062723c751e8b465ee728b)
Start importing ProjectSettings/TagManager.asset using Guid(00000000000000003000000000000000) Importer(815301076,1909f56bfc062723c751e8b465ee728b)  -> (artifact id: '9fbdef09b374dbcd8ba47dc8089cc7b1') in 0.028964 seconds
  Import took 0.033144 seconds .

========================================================================
Received Import Request.
  Time since last request: 0.000453 seconds.
  path: ProjectSettings/TagManager.asset
  artifactKey: Guid(00000000000000003000000000000000) Importer(815301076,1909f56bfc062723c751e8b465ee728b)
Start importing ProjectSettings/TagManager.asset using Guid(00000000000000003000000000000000) Importer(815301076,1909f56bfc062723c751e8b465ee728b)  -> (artifact id: '9fbdef09b374dbcd8ba47dc8089cc7b1') in 0.002209 seconds
  Import took 0.006136 seconds .

========================================================================
Received Import Request.
  Time since last request: 13.689146 seconds.
  path: Assets/Scripts/Buildings/Home.cs
  artifactKey: Guid(f46b9300afa9a524399b554aae492471) Importer(815301076,1909f56bfc062723c751e8b465ee728b)
Start importing Assets/Scripts/Buildings/Home.cs using Guid(f46b9300afa9a524399b554aae492471) Importer(815301076,1909f56bfc062723c751e8b465ee728b)  -> (artifact id: '29168a699ce43c0fdac6e4f1d3e2ab64') in 0.007060 seconds
  Import took 0.010846 seconds .

========================================================================
Received Prepare
Registering precompiled user dll's ...
Registered in 0.001072 seconds.
Begin MonoManager ReloadAssembly
Native extension for WindowsStandalone target not found
Refreshing native plugins compatible for Editor in 0.45 ms, found 0 plugins.
Preloading 0 native plugins for Editor in 0.00 ms.
Invoked RoslynAnalysisRunner static constructor.
RoslynAnalysisRunner will not be running.
RoslynAnalysisRunner has terminated.
Mono: successfully reloaded assembly
- Completed reload, in  0.761 seconds
Platform modules already initialized, skipping
Refreshing native plugins compatible for Editor in 0.46 ms, found 0 plugins.
Preloading 0 native plugins for Editor in 0.00 ms.
Unloading 3324 Unused Serialized files (Serialized files now loaded: 0)
System memory in use before: 146.8 MB.
System memory in use after: 142.7 MB.

Unloading 78 unused Assets to reduce memory usage. Loaded Objects now: 3758.
Total: 3.620400 ms (FindLiveObjects: 0.237200 ms CreateObjectMapping: 0.139600 ms MarkObjects: 1.268800 ms  DeleteObjects: 1.974100 ms)

========================================================================
Received Prepare
Registering precompiled user dll's ...
Registered in 0.000987 seconds.
Begin MonoManager ReloadAssembly
Native extension for WindowsStandalone target not found
Refreshing native plugins compatible for Editor in 0.46 ms, found 0 plugins.
Preloading 0 native plugins for Editor in 0.00 ms.
Invoked RoslynAnalysisRunner static constructor.
RoslynAnalysisRunner will not be running.
RoslynAnalysisRunner has terminated.
Mono: successfully reloaded assembly
- Completed reload, in  0.741 seconds
Platform modules already initialized, skipping
Refreshing native plugins compatible for Editor in 0.47 ms, found 0 plugins.
Preloading 0 native plugins for Editor in 0.00 ms.
Unloading 3324 Unused Serialized files (Serialized files now loaded: 0)
System memory in use before: 146.9 MB.
System memory in use after: 142.8 MB.

Unloading 76 unused Assets to reduce memory usage. Loaded Objects now: 3760.
Total: 4.528900 ms (FindLiveObjects: 0.423600 ms CreateObjectMapping: 0.240300 ms MarkObjects: 1.473600 ms  DeleteObjects: 2.390500 ms)

========================================================================
Received Prepare
Registering precompiled user dll's ...
Registered in 0.000997 seconds.
Begin MonoManager ReloadAssembly
Native extension for WindowsStandalone target not found
Refreshing native plugins compatible for Editor in 0.49 ms, found 0 plugins.
Preloading 0 native plugins for Editor in 0.00 ms.
Invoked RoslynAnalysisRunner static constructor.
RoslynAnalysisRunner will not be running.
RoslynAnalysisRunner has terminated.
Mono: successfully reloaded assembly
- Completed reload, in  0.762 seconds
Platform modules already initialized, skipping
Refreshing native plugins compatible for Editor in 0.44 ms, found 0 plugins.
Preloading 0 native plugins for Editor in 0.00 ms.
Unloading 3324 Unused Serialized files (Serialized files now loaded: 0)
System memory in use before: 146.9 MB.
System memory in use after: 142.8 MB.

Unloading 76 unused Assets to reduce memory usage. Loaded Objects now: 3762.
Total: 4.032100 ms (FindLiveObjects: 0.268800 ms CreateObjectMapping: 0.182000 ms MarkObjects: 1.356300 ms  DeleteObjects: 2.224200 ms)

========================================================================
Received Prepare
Registering precompiled user dll's ...
Registered in 0.000963 seconds.
Begin MonoManager ReloadAssembly
Native extension for WindowsStandalone target not found
Refreshing native plugins compatible for Editor in 0.45 ms, found 0 plugins.
Preloading 0 native plugins for Editor in 0.00 ms.
Invoked RoslynAnalysisRunner static constructor.
RoslynAnalysisRunner will not be running.
RoslynAnalysisRunner has terminated.
Mono: successfully reloaded assembly
- Completed reload, in  0.723 seconds
Platform modules already initialized, skipping
Refreshing native plugins compatible for Editor in 0.45 ms, found 0 plugins.
Preloading 0 native plugins for Editor in 0.00 ms.
Unloading 3324 Unused Serialized files (Serialized files now loaded: 0)
System memory in use before: 147.0 MB.
System memory in use after: 142.9 MB.

Unloading 76 unused Assets to reduce memory usage. Loaded Objects now: 3764.
Total: 4.389100 ms (FindLiveObjects: 0.279300 ms CreateObjectMapping: 0.166900 ms MarkObjects: 1.388100 ms  DeleteObjects: 2.554100 ms)

========================================================================
Received Prepare
Registering precompiled user dll's ...
Registered in 0.001022 seconds.
Begin MonoManager ReloadAssembly
Native extension for WindowsStandalone target not found
Refreshing native plugins compatible for Editor in 0.45 ms, found 0 plugins.
Preloading 0 native plugins for Editor in 0.00 ms.
Invoked RoslynAnalysisRunner static constructor.
RoslynAnalysisRunner will not be running.
RoslynAnalysisRunner has terminated.
Mono: successfully reloaded assembly
- Completed reload, in  0.758 seconds
Platform modules already initialized, skipping
Refreshing native plugins compatible for Editor in 0.42 ms, found 0 plugins.
Preloading 0 native plugins for Editor in 0.00 ms.
Unloading 3324 Unused Serialized files (Serialized files now loaded: 0)
System memory in use before: 146.9 MB.
System memory in use after: 142.8 MB.

Unloading 76 unused Assets to reduce memory usage. Loaded Objects now: 3766.
Total: 3.907500 ms (FindLiveObjects: 0.243600 ms CreateObjectMapping: 0.156600 ms MarkObjects: 1.290700 ms  DeleteObjects: 2.215800 ms)

========================================================================
Received Prepare
Registering precompiled user dll's ...
Registered in 0.000996 seconds.
Begin MonoManager ReloadAssembly
Native extension for WindowsStandalone target not found
Refreshing native plugins compatible for Editor in 0.77 ms, found 0 plugins.
Preloading 0 native plugins for Editor in 0.00 ms.
Invoked RoslynAnalysisRunner static constructor.
RoslynAnalysisRunner will not be running.
RoslynAnalysisRunner has terminated.
Mono: successfully reloaded assembly
- Completed reload, in  0.763 seconds
Platform modules already initialized, skipping
Refreshing native plugins compatible for Editor in 0.46 ms, found 0 plugins.
Preloading 0 native plugins for Editor in 0.00 ms.
Unloading 3324 Unused Serialized files (Serialized files now loaded: 0)
System memory in use before: 147.0 MB.
System memory in use after: 142.9 MB.

Unloading 76 unused Assets to reduce memory usage. Loaded Objects now: 3768.
Total: 4.496900 ms (FindLiveObjects: 0.305500 ms CreateObjectMapping: 0.187900 ms MarkObjects: 1.419300 ms  DeleteObjects: 2.583500 ms)

========================================================================
Received Prepare
Registering precompiled user dll's ...
Registered in 0.000990 seconds.
Begin MonoManager ReloadAssembly
Native extension for WindowsStandalone target not found
Refreshing native plugins compatible for Editor in 0.51 ms, found 0 plugins.
Preloading 0 native plugins for Editor in 0.00 ms.
Invoked RoslynAnalysisRunner static constructor.
RoslynAnalysisRunner will not be running.
RoslynAnalysisRunner has terminated.
Mono: successfully reloaded assembly
- Completed reload, in  0.741 seconds
Platform modules already initialized, skipping
Refreshing native plugins compatible for Editor in 0.45 ms, found 0 plugins.
Preloading 0 native plugins for Editor in 0.00 ms.
Unloading 3324 Unused Serialized files (Serialized files now loaded: 0)
System memory in use before: 146.9 MB.
System memory in use after: 142.8 MB.

Unloading 76 unused Assets to reduce memory usage. Loaded Objects now: 3770.
Total: 4.674200 ms (FindLiveObjects: 0.259300 ms CreateObjectMapping: 0.202200 ms MarkObjects: 1.824600 ms  DeleteObjects: 2.387500 ms)

========================================================================
Received Import Request.
  Time since last request: 180.375551 seconds.
  path: Assets/Scripts/Buildings/Recipes/StoneSlabsRecipe.prefab
  artifactKey: Guid(6795d7dba824c7647938e384176075ac) Importer(815301076,1909f56bfc062723c751e8b465ee728b)
Start importing Assets/Scripts/Buildings/Recipes/StoneSlabsRecipe.prefab using Guid(6795d7dba824c7647938e384176075ac) Importer(815301076,1909f56bfc062723c751e8b465ee728b)  -> (artifact id: 'de21742ed5e98c5c56d7635a061bc12e') in 0.027700 seconds
  Import took 0.031534 seconds .

========================================================================
Received Import Request.
  Time since last request: 47.701436 seconds.
  path: Assets/Scripts/Buildings/Recipes/StoneSlabsRecipe.prefab
  artifactKey: Guid(6795d7dba824c7647938e384176075ac) Importer(815301076,1909f56bfc062723c751e8b465ee728b)
Start importing Assets/Scripts/Buildings/Recipes/StoneSlabsRecipe.prefab using Guid(6795d7dba824c7647938e384176075ac) Importer(815301076,1909f56bfc062723c751e8b465ee728b)  -> (artifact id: '1853aa4f1dba24c3dc8c4d567dfb6b62') in 0.003927 seconds
  Import took 0.007781 seconds .

========================================================================
Received Import Request.
  Time since last request: 0.001641 seconds.
  path: Assets/Scripts/Buildings/Recipes/StoneSlabsRecipe.prefab
  artifactKey: Guid(6795d7dba824c7647938e384176075ac) Importer(815301076,1909f56bfc062723c751e8b465ee728b)
Start importing Assets/Scripts/Buildings/Recipes/StoneSlabsRecipe.prefab using Guid(6795d7dba824c7647938e384176075ac) Importer(815301076,1909f56bfc062723c751e8b465ee728b)  -> (artifact id: '1853aa4f1dba24c3dc8c4d567dfb6b62') in 0.003234 seconds
  Import took 0.006883 seconds .

========================================================================
Received Import Request.
  Time since last request: 7.065386 seconds.
  path: Assets/Scripts/Buildings/Recipes/StoneSlabsRecipe.prefab
  artifactKey: Guid(6795d7dba824c7647938e384176075ac) Importer(815301076,1909f56bfc062723c751e8b465ee728b)
Start importing Assets/Scripts/Buildings/Recipes/StoneSlabsRecipe.prefab using Guid(6795d7dba824c7647938e384176075ac) Importer(815301076,1909f56bfc062723c751e8b465ee728b)  -> (artifact id: 'e82b184eb52f1f2fc110ac98321e2cd6') in 0.003188 seconds
  Import took 0.007024 seconds .

========================================================================
Received Import Request.
  Time since last request: 0.002624 seconds.
  path: Assets/Scripts/Buildings/Recipes/StoneSlabsRecipe.prefab
  artifactKey: Guid(6795d7dba824c7647938e384176075ac) Importer(815301076,1909f56bfc062723c751e8b465ee728b)
Start importing Assets/Scripts/Buildings/Recipes/StoneSlabsRecipe.prefab using Guid(6795d7dba824c7647938e384176075ac) Importer(815301076,1909f56bfc062723c751e8b465ee728b)  -> (artifact id: 'e82b184eb52f1f2fc110ac98321e2cd6') in 0.003276 seconds
  Import took 0.007234 seconds .

========================================================================
Received Import Request.
  Time since last request: 15.691396 seconds.
  path: Assets/Prefabs/Recipes/StoneSlabs.prefab
  artifactKey: Guid(00d464db704a2fe4c8ecd7b9917e2bc5) Importer(815301076,1909f56bfc062723c751e8b465ee728b)
Start importing Assets/Prefabs/Recipes/StoneSlabs.prefab using Guid(00d464db704a2fe4c8ecd7b9917e2bc5) Importer(815301076,1909f56bfc062723c751e8b465ee728b)  -> (artifact id: '0f860c9b6221d048c161d1c413cfb5aa') in 0.005950 seconds
  Import took 0.009775 seconds .

========================================================================
Received Import Request.
  Time since last request: 3.824399 seconds.
  path: Assets/Prefabs/Resources/DeliveryObject.prefab
  artifactKey: Guid(f49276dce00e43c4fb07e970fe44dcc1) Importer(815301076,1909f56bfc062723c751e8b465ee728b)
Start importing Assets/Prefabs/Resources/DeliveryObject.prefab using Guid(f49276dce00e43c4fb07e970fe44dcc1) Importer(815301076,1909f56bfc062723c751e8b465ee728b)  -> (artifact id: 'adfd5124e9bf58a0444daf91c28bc4de') in 0.042133 seconds
  Import took 0.046038 seconds .

========================================================================
Received Import Request.
  Time since last request: 0.000140 seconds.
  path: Assets/Prefabs/Resources/StoneSlab.prefab
  artifactKey: Guid(7a76053449bcc4949a56e1d6ce4e4819) Importer(815301076,1909f56bfc062723c751e8b465ee728b)
Start importing Assets/Prefabs/Resources/StoneSlab.prefab using Guid(7a76053449bcc4949a56e1d6ce4e4819) Importer(815301076,1909f56bfc062723c751e8b465ee728b)  -> (artifact id: 'c49e07ff028205042a245ca3dd0f5f21') in 0.007843 seconds
  Import took 0.011518 seconds .

========================================================================
Received Import Request.
  Time since last request: 0.000125 seconds.
  path: Assets/Prefabs/Resources/stoneChunk.prefab
  artifactKey: Guid(3a58272aa20f3634fbf875997eaa3395) Importer(815301076,1909f56bfc062723c751e8b465ee728b)
Start importing Assets/Prefabs/Resources/stoneChunk.prefab using Guid(3a58272aa20f3634fbf875997eaa3395) Importer(815301076,1909f56bfc062723c751e8b465ee728b)  -> (artifact id: 'bc981df63fc425350d00e8a7595b7aea') in 0.035290 seconds
  Import took 0.039281 seconds .

========================================================================
Received Import Request.
  Time since last request: 39.282678 seconds.
  path: Assets/Prefabs/Resources/Simple Meal.prefab
  artifactKey: Guid(4fecac3ea54fe30469184bb2cd427d4d) Importer(815301076,1909f56bfc062723c751e8b465ee728b)
Start importing Assets/Prefabs/Resources/Simple Meal.prefab using Guid(4fecac3ea54fe30469184bb2cd427d4d) Importer(815301076,1909f56bfc062723c751e8b465ee728b)  -> (artifact id: '432885c45dc2523d5acff3485da93e7d') in 0.013047 seconds
  Import took 0.017902 seconds .

========================================================================
Received Import Request.
  Time since last request: 6.621110 seconds.
  path: Assets/Prefabs/Resources/wheatSimple.prefab
  artifactKey: Guid(ba4af87ac6ce7714d9c47dc0d6b283b1) Importer(815301076,1909f56bfc062723c751e8b465ee728b)
Start importing Assets/Prefabs/Resources/wheatSimple.prefab using Guid(ba4af87ac6ce7714d9c47dc0d6b283b1) Importer(815301076,1909f56bfc062723c751e8b465ee728b)  -> (artifact id: '3173d85e8d80125bbb244a701879e6d8') in 0.014371 seconds
  Import took 0.018366 seconds .

========================================================================
Received Import Request.
  Time since last request: 19.531136 seconds.
  path: Assets/Prefabs/Recipes/Simple Meal Recipe.prefab
  artifactKey: Guid(d995406925780274ba3f71199e3a6c30) Importer(815301076,1909f56bfc062723c751e8b465ee728b)
Start importing Assets/Prefabs/Recipes/Simple Meal Recipe.prefab using Guid(d995406925780274ba3f71199e3a6c30) Importer(815301076,1909f56bfc062723c751e8b465ee728b)  -> (artifact id: '986bc83fc45b936f8f00897221e98859') in 0.006327 seconds
  Import took 0.010392 seconds .

========================================================================
Received Import Request.
  Time since last request: 0.000918 seconds.
  path: Assets/Prefabs/Recipes/Simple Meal Recipe.prefab
  artifactKey: Guid(d995406925780274ba3f71199e3a6c30) Importer(815301076,1909f56bfc062723c751e8b465ee728b)
Start importing Assets/Prefabs/Recipes/Simple Meal Recipe.prefab using Guid(d995406925780274ba3f71199e3a6c30) Importer(815301076,1909f56bfc062723c751e8b465ee728b)  -> (artifact id: '986bc83fc45b936f8f00897221e98859') in 0.003578 seconds
  Import took 0.007395 seconds .

========================================================================
Received Import Request.
  Time since last request: 21.720017 seconds.
  path: Assets/Prefabs/Recipes/Simple Meal Recipe.prefab
  artifactKey: Guid(d995406925780274ba3f71199e3a6c30) Importer(815301076,1909f56bfc062723c751e8b465ee728b)
Start importing Assets/Prefabs/Recipes/Simple Meal Recipe.prefab using Guid(d995406925780274ba3f71199e3a6c30) Importer(815301076,1909f56bfc062723c751e8b465ee728b)  -> (artifact id: 'a8aaedf3b240e963c8130d09323e4ce3') in 0.003422 seconds
  Import took 0.007451 seconds .

========================================================================
Received Prepare
Registering precompiled user dll's ...
Registered in 0.000932 seconds.
Begin MonoManager ReloadAssembly
Native extension for WindowsStandalone target not found
Refreshing native plugins compatible for Editor in 0.47 ms, found 0 plugins.
Preloading 0 native plugins for Editor in 0.00 ms.
Invoked RoslynAnalysisRunner static constructor.
RoslynAnalysisRunner will not be running.
RoslynAnalysisRunner has terminated.
Mono: successfully reloaded assembly
- Completed reload, in  0.747 seconds
Platform modules already initialized, skipping
Refreshing native plugins compatible for Editor in 0.47 ms, found 0 plugins.
Preloading 0 native plugins for Editor in 0.00 ms.
Unloading 3324 Unused Serialized files (Serialized files now loaded: 0)
System memory in use before: 150.0 MB.
System memory in use after: 145.9 MB.

Unloading 77 unused Assets to reduce memory usage. Loaded Objects now: 3780.
Total: 4.101500 ms (FindLiveObjects: 0.248500 ms CreateObjectMapping: 0.135700 ms MarkObjects: 1.380300 ms  DeleteObjects: 2.336300 ms)

========================================================================
Received Prepare
Registering precompiled user dll's ...
Registered in 0.001093 seconds.
Begin MonoManager ReloadAssembly
Native extension for WindowsStandalone target not found
Refreshing native plugins compatible for Editor in 0.47 ms, found 0 plugins.
Preloading 0 native plugins for Editor in 0.00 ms.
Invoked RoslynAnalysisRunner static constructor.
RoslynAnalysisRunner will not be running.
RoslynAnalysisRunner has terminated.
Mono: successfully reloaded assembly
- Completed reload, in  0.712 seconds
Platform modules already initialized, skipping
Refreshing native plugins compatible for Editor in 0.46 ms, found 0 plugins.
Preloading 0 native plugins for Editor in 0.00 ms.
Unloading 3324 Unused Serialized files (Serialized files now loaded: 0)
System memory in use before: 149.9 MB.
System memory in use after: 145.8 MB.

Unloading 76 unused Assets to reduce memory usage. Loaded Objects now: 3782.
Total: 4.313100 ms (FindLiveObjects: 0.309500 ms CreateObjectMapping: 0.197100 ms MarkObjects: 1.416300 ms  DeleteObjects: 2.389500 ms)

========================================================================
Received Prepare
Registering precompiled user dll's ...
Registered in 0.000958 seconds.
Begin MonoManager ReloadAssembly
Native extension for WindowsStandalone target not found
Refreshing native plugins compatible for Editor in 0.48 ms, found 0 plugins.
Preloading 0 native plugins for Editor in 0.00 ms.
Invoked RoslynAnalysisRunner static constructor.
RoslynAnalysisRunner will not be running.
RoslynAnalysisRunner has terminated.
Mono: successfully reloaded assembly
- Completed reload, in  0.769 seconds
Platform modules already initialized, skipping
Refreshing native plugins compatible for Editor in 0.47 ms, found 0 plugins.
Preloading 0 native plugins for Editor in 0.00 ms.
Unloading 3324 Unused Serialized files (Serialized files now loaded: 0)
System memory in use before: 150.0 MB.
System memory in use after: 145.9 MB.

Unloading 76 unused Assets to reduce memory usage. Loaded Objects now: 3784.
Total: 4.093800 ms (FindLiveObjects: 0.260500 ms CreateObjectMapping: 0.154500 ms MarkObjects: 1.420900 ms  DeleteObjects: 2.257400 ms)

========================================================================
Received Import Request.
  Time since last request: 287.344390 seconds.
  path: Assets/Prefabs/Buildings/StorageBuilding.prefab
  artifactKey: Guid(80ca83d89d60ed64d90a8f6c7e836a91) Importer(815301076,1909f56bfc062723c751e8b465ee728b)
Start importing Assets/Prefabs/Buildings/StorageBuilding.prefab using Guid(80ca83d89d60ed64d90a8f6c7e836a91) Importer(815301076,1909f56bfc062723c751e8b465ee728b)  -> (artifact id: '6ad5eccf408acc5ecadfa9cc409b9467') in 0.048109 seconds
  Import took 0.052438 seconds .

========================================================================
Received Import Request.
  Time since last request: 0.974621 seconds.
  path: Assets/Prefabs/Buildings/Workshop.prefab
  artifactKey: Guid(6883721de96577a42ba66c049d54766f) Importer(815301076,1909f56bfc062723c751e8b465ee728b)
Start importing Assets/Prefabs/Buildings/Workshop.prefab using Guid(6883721de96577a42ba66c049d54766f) Importer(815301076,1909f56bfc062723c751e8b465ee728b)  -> (artifact id: 'd15e4f9474c2513156321a363edaa551') in 0.012611 seconds
  Import took 0.016488 seconds .

========================================================================
Received Import Request.
  Time since last request: 0.003829 seconds.
  path: Assets/Prefabs/Buildings/Workshop.prefab
  artifactKey: Guid(6883721de96577a42ba66c049d54766f) Importer(815301076,1909f56bfc062723c751e8b465ee728b)
Start importing Assets/Prefabs/Buildings/Workshop.prefab using Guid(6883721de96577a42ba66c049d54766f) Importer(815301076,1909f56bfc062723c751e8b465ee728b)  -> (artifact id: 'd15e4f9474c2513156321a363edaa551') in 0.005713 seconds
  Import took 0.009770 seconds .

========================================================================
Received Import Request.
  Time since last request: 4.107789 seconds.
  path: Assets/Prefabs/Buildings/Farm.prefab
  artifactKey: Guid(4e0cb3578f3ed8b41b6c06b503003e1b) Importer(815301076,1909f56bfc062723c751e8b465ee728b)
Start importing Assets/Prefabs/Buildings/Farm.prefab using Guid(4e0cb3578f3ed8b41b6c06b503003e1b) Importer(815301076,1909f56bfc062723c751e8b465ee728b)  -> (artifact id: '00e875845c74d9debaf1c83b01070249') in 0.010198 seconds
  Import took 0.014710 seconds .

========================================================================
Received Import Request.
  Time since last request: 0.005629 seconds.
  path: Assets/Prefabs/Buildings/Farm.prefab
  artifactKey: Guid(4e0cb3578f3ed8b41b6c06b503003e1b) Importer(815301076,1909f56bfc062723c751e8b465ee728b)
Start importing Assets/Prefabs/Buildings/Farm.prefab using Guid(4e0cb3578f3ed8b41b6c06b503003e1b) Importer(815301076,1909f56bfc062723c751e8b465ee728b)  -> (artifact id: '00e875845c74d9debaf1c83b01070249') in 0.006875 seconds
  Import took 0.010933 seconds .

========================================================================
Received Prepare
Registering precompiled user dll's ...
Registered in 0.000971 seconds.
Begin MonoManager ReloadAssembly
Native extension for WindowsStandalone target not found
Refreshing native plugins compatible for Editor in 0.47 ms, found 0 plugins.
Preloading 0 native plugins for Editor in 0.00 ms.
Invoked RoslynAnalysisRunner static constructor.
RoslynAnalysisRunner will not be running.
RoslynAnalysisRunner has terminated.
Mono: successfully reloaded assembly
- Completed reload, in  0.752 seconds
Platform modules already initialized, skipping
Refreshing native plugins compatible for Editor in 0.45 ms, found 0 plugins.
Preloading 0 native plugins for Editor in 0.00 ms.
Unloading 3324 Unused Serialized files (Serialized files now loaded: 0)
System memory in use before: 150.0 MB.
System memory in use after: 145.9 MB.

Unloading 76 unused Assets to reduce memory usage. Loaded Objects now: 3787.
Total: 4.200500 ms (FindLiveObjects: 0.231900 ms CreateObjectMapping: 0.134300 ms MarkObjects: 1.498000 ms  DeleteObjects: 2.335800 ms)

========================================================================
Received Prepare
Registering precompiled user dll's ...
Registered in 0.001012 seconds.
Begin MonoManager ReloadAssembly
Native extension for WindowsStandalone target not found
Refreshing native plugins compatible for Editor in 0.44 ms, found 0 plugins.
Preloading 0 native plugins for Editor in 0.00 ms.
Invoked RoslynAnalysisRunner static constructor.
RoslynAnalysisRunner will not be running.
RoslynAnalysisRunner has terminated.
Mono: successfully reloaded assembly
- Completed reload, in  0.747 seconds
Platform modules already initialized, skipping
Refreshing native plugins compatible for Editor in 0.46 ms, found 0 plugins.
Preloading 0 native plugins for Editor in 0.00 ms.
Unloading 3324 Unused Serialized files (Serialized files now loaded: 0)
System memory in use before: 150.0 MB.
System memory in use after: 145.9 MB.

Unloading 76 unused Assets to reduce memory usage. Loaded Objects now: 3789.
Total: 3.977600 ms (FindLiveObjects: 0.260500 ms CreateObjectMapping: 0.132600 ms MarkObjects: 1.290400 ms  DeleteObjects: 2.292800 ms)

========================================================================
Received Prepare
Registering precompiled user dll's ...
Registered in 0.000956 seconds.
Begin MonoManager ReloadAssembly
Native extension for WindowsStandalone target not found
Refreshing native plugins compatible for Editor in 0.46 ms, found 0 plugins.
Preloading 0 native plugins for Editor in 0.00 ms.
Invoked RoslynAnalysisRunner static constructor.
RoslynAnalysisRunner will not be running.
RoslynAnalysisRunner has terminated.
Mono: successfully reloaded assembly
- Completed reload, in  0.745 seconds
Platform modules already initialized, skipping
Refreshing native plugins compatible for Editor in 0.46 ms, found 0 plugins.
Preloading 0 native plugins for Editor in 0.00 ms.
Unloading 3324 Unused Serialized files (Serialized files now loaded: 0)
System memory in use before: 150.0 MB.
System memory in use after: 145.9 MB.

Unloading 76 unused Assets to reduce memory usage. Loaded Objects now: 3791.
Total: 4.068400 ms (FindLiveObjects: 0.252400 ms CreateObjectMapping: 0.136700 ms MarkObjects: 1.342100 ms  DeleteObjects: 2.336500 ms)

========================================================================
Received Import Request.
  Time since last request: 215.553238 seconds.
  path: Assets/Prefabs/UI/DwarfLedger.prefab
  artifactKey: Guid(8f83f2d477484e840a298c6dd6ff1a84) Importer(815301076,1909f56bfc062723c751e8b465ee728b)
Start importing Assets/Prefabs/UI/DwarfLedger.prefab using Guid(8f83f2d477484e840a298c6dd6ff1a84) Importer(815301076,1909f56bfc062723c751e8b465ee728b)  -> (artifact id: '228c324984f82ba7ff3fe525ced4e72d') in 0.045310 seconds
  Import took 0.049292 seconds .

========================================================================
Received Import Request.
  Time since last request: 1.729148 seconds.
  path: Assets/Prefabs/UI/DwarfLedger.prefab
  artifactKey: Guid(8f83f2d477484e840a298c6dd6ff1a84) Importer(815301076,1909f56bfc062723c751e8b465ee728b)
Start importing Assets/Prefabs/UI/DwarfLedger.prefab using Guid(8f83f2d477484e840a298c6dd6ff1a84) Importer(815301076,1909f56bfc062723c751e8b465ee728b)  -> (artifact id: '6d2e4d6259480cf7fa4e4b84a269002f') in 0.003438 seconds
  Import took 0.007381 seconds .

========================================================================
Received Prepare
Registering precompiled user dll's ...
Registered in 0.001022 seconds.
Begin MonoManager ReloadAssembly
Native extension for WindowsStandalone target not found
Refreshing native plugins compatible for Editor in 0.45 ms, found 0 plugins.
Preloading 0 native plugins for Editor in 0.00 ms.
Invoked RoslynAnalysisRunner static constructor.
RoslynAnalysisRunner will not be running.
RoslynAnalysisRunner has terminated.
Mono: successfully reloaded assembly
- Completed reload, in  0.773 seconds
Platform modules already initialized, skipping
Refreshing native plugins compatible for Editor in 0.46 ms, found 0 plugins.
Preloading 0 native plugins for Editor in 0.00 ms.
Unloading 3324 Unused Serialized files (Serialized files now loaded: 0)
System memory in use before: 150.1 MB.
System memory in use after: 146.0 MB.

Unloading 81 unused Assets to reduce memory usage. Loaded Objects now: 3795.
Total: 4.424700 ms (FindLiveObjects: 0.324700 ms CreateObjectMapping: 0.197300 ms MarkObjects: 1.418800 ms  DeleteObjects: 2.483000 ms)

========================================================================
Received Import Request.
  Time since last request: 107.658999 seconds.
  path: Assets/OverCloud/Example Content/MouseFlight/Demo/UI/Crosshair.png
  artifactKey: Guid(921be87207a049f41b7a921881c5a712) Importer(815301076,1909f56bfc062723c751e8b465ee728b)
Start importing Assets/OverCloud/Example Content/MouseFlight/Demo/UI/Crosshair.png using Guid(921be87207a049f41b7a921881c5a712) Importer(815301076,1909f56bfc062723c751e8b465ee728b)  -> (artifact id: 'd3d4d37011b82e358ade1cf6ab50e0b1') in 0.089181 seconds
  Import took 0.093255 seconds .

========================================================================
Received Import Request.
  Time since last request: 0.000120 seconds.
  path: Assets/OverCloud/Example Content/MouseFlight/Demo/UI/MouseCrosshair.png
  artifactKey: Guid(d782fbeb8af831440a3b3bc3c6116108) Importer(815301076,1909f56bfc062723c751e8b465ee728b)
Start importing Assets/OverCloud/Example Content/MouseFlight/Demo/UI/MouseCrosshair.png using Guid(d782fbeb8af831440a3b3bc3c6116108) Importer(815301076,1909f56bfc062723c751e8b465ee728b)  -> (artifact id: '4f2c964f6744131a8b618ebc4099d0a4') in 0.013039 seconds
  Import took 0.016655 seconds .

========================================================================
Received Import Request.
  Time since last request: 28.775106 seconds.
  path: Assets/Scripts/UI/Mana.cs
  artifactKey: Guid(a66b008fe7df76445924df18acb81754) Importer(815301076,1909f56bfc062723c751e8b465ee728b)
Start importing Assets/Scripts/UI/Mana.cs using Guid(a66b008fe7df76445924df18acb81754) Importer(815301076,1909f56bfc062723c751e8b465ee728b)  -> (artifact id: '890bf5ce741127f86ee61259510567a9') in 0.004591 seconds
  Import took 0.008583 seconds .

========================================================================
Received Prepare
Registering precompiled user dll's ...
Registered in 0.000974 seconds.
Begin MonoManager ReloadAssembly
Native extension for WindowsStandalone target not found
Refreshing native plugins compatible for Editor in 0.45 ms, found 0 plugins.
Preloading 0 native plugins for Editor in 0.00 ms.
Invoked RoslynAnalysisRunner static constructor.
RoslynAnalysisRunner will not be running.
RoslynAnalysisRunner has terminated.
Mono: successfully reloaded assembly
- Completed reload, in  0.753 seconds
Platform modules already initialized, skipping
Refreshing native plugins compatible for Editor in 0.48 ms, found 0 plugins.
Preloading 0 native plugins for Editor in 0.00 ms.
Unloading 3325 Unused Serialized files (Serialized files now loaded: 0)
System memory in use before: 150.1 MB.
System memory in use after: 146.0 MB.

Unloading 76 unused Assets to reduce memory usage. Loaded Objects now: 3804.
Total: 4.186000 ms (FindLiveObjects: 0.269500 ms CreateObjectMapping: 0.165500 ms MarkObjects: 1.363400 ms  DeleteObjects: 2.386800 ms)

========================================================================
Received Prepare
Registering precompiled user dll's ...
Registered in 0.001012 seconds.
Begin MonoManager ReloadAssembly
Native extension for WindowsStandalone target not found
Refreshing native plugins compatible for Editor in 0.45 ms, found 0 plugins.
Preloading 0 native plugins for Editor in 0.00 ms.
Invoked RoslynAnalysisRunner static constructor.
RoslynAnalysisRunner will not be running.
RoslynAnalysisRunner has terminated.
Mono: successfully reloaded assembly
- Completed reload, in  0.741 seconds
Platform modules already initialized, skipping
Refreshing native plugins compatible for Editor in 0.45 ms, found 0 plugins.
Preloading 0 native plugins for Editor in 0.00 ms.
Unloading 3325 Unused Serialized files (Serialized files now loaded: 0)
System memory in use before: 150.1 MB.
System memory in use after: 146.0 MB.

Unloading 76 unused Assets to reduce memory usage. Loaded Objects now: 3806.
Total: 4.230700 ms (FindLiveObjects: 0.276400 ms CreateObjectMapping: 0.170100 ms MarkObjects: 1.425600 ms  DeleteObjects: 2.357800 ms)

========================================================================
Received Prepare
Registering precompiled user dll's ...
Registered in 0.001021 seconds.
Begin MonoManager ReloadAssembly
Native extension for WindowsStandalone target not found
Refreshing native plugins compatible for Editor in 0.45 ms, found 0 plugins.
Preloading 0 native plugins for Editor in 0.00 ms.
Invoked RoslynAnalysisRunner static constructor.
RoslynAnalysisRunner will not be running.
RoslynAnalysisRunner has terminated.
Mono: successfully reloaded assembly
- Completed reload, in  0.752 seconds
Platform modules already initialized, skipping
Refreshing native plugins compatible for Editor in 0.46 ms, found 0 plugins.
Preloading 0 native plugins for Editor in 0.00 ms.
Unloading 3325 Unused Serialized files (Serialized files now loaded: 0)
System memory in use before: 150.1 MB.
System memory in use after: 146.0 MB.

Unloading 76 unused Assets to reduce memory usage. Loaded Objects now: 3808.
Total: 4.199000 ms (FindLiveObjects: 0.272800 ms CreateObjectMapping: 0.165400 ms MarkObjects: 1.388900 ms  DeleteObjects: 2.370800 ms)

========================================================================
Received Import Request.
  Time since last request: 158.990822 seconds.
  path: ProjectSettings/TagManager.asset
  artifactKey: Guid(00000000000000003000000000000000) Importer(815301076,1909f56bfc062723c751e8b465ee728b)
Start importing ProjectSettings/TagManager.asset using Guid(00000000000000003000000000000000) Importer(815301076,1909f56bfc062723c751e8b465ee728b)  -> (artifact id: 'f01c8ce3c03f0fc559d363d8a266c88c') in 0.016465 seconds
  Import took 0.020915 seconds .

========================================================================
Received Import Request.
  Time since last request: 25.068956 seconds.
  path: Assets/Prefabs/Buildings/Altar.prefab
  artifactKey: Guid(89fe5850088b0534d9a03584952816ea) Importer(815301076,1909f56bfc062723c751e8b465ee728b)
Start importing Assets/Prefabs/Buildings/Altar.prefab using Guid(89fe5850088b0534d9a03584952816ea) Importer(815301076,1909f56bfc062723c751e8b465ee728b)  -> (artifact id: '5aed0b34696400d7feb535f5b5c5c5b6') in 0.034615 seconds
  Import took 0.038656 seconds .

========================================================================
Received Import Request.
  Time since last request: 0.005414 seconds.
  path: Assets/Prefabs/Buildings/Altar.prefab
  artifactKey: Guid(89fe5850088b0534d9a03584952816ea) Importer(815301076,1909f56bfc062723c751e8b465ee728b)
Start importing Assets/Prefabs/Buildings/Altar.prefab using Guid(89fe5850088b0534d9a03584952816ea) Importer(815301076,1909f56bfc062723c751e8b465ee728b)  -> (artifact id: '5aed0b34696400d7feb535f5b5c5c5b6') in 0.038868 seconds
  Import took 0.042966 seconds .

========================================================================
Received Import Request.
  Time since last request: 18.835486 seconds.
  path: Assets/Prefabs/Buildings/Altar.prefab
  artifactKey: Guid(89fe5850088b0534d9a03584952816ea) Importer(815301076,1909f56bfc062723c751e8b465ee728b)
Start importing Assets/Prefabs/Buildings/Altar.prefab using Guid(89fe5850088b0534d9a03584952816ea) Importer(815301076,1909f56bfc062723c751e8b465ee728b)  -> (artifact id: 'eafe8129d520ff0a0c8453bc76a3df53') in 0.012568 seconds
  Import took 0.016555 seconds .

========================================================================
Received Import Request.
  Time since last request: 65.871874 seconds.
  path: Assets/Scripts/Buildings/Altar.cs
  artifactKey: Guid(43f01c8e75eb6ca4db5449bc677e8583) Importer(815301076,1909f56bfc062723c751e8b465ee728b)
Start importing Assets/Scripts/Buildings/Altar.cs using Guid(43f01c8e75eb6ca4db5449bc677e8583) Importer(815301076,1909f56bfc062723c751e8b465ee728b)  -> (artifact id: '0f268efffc0559e42929dee71c02e3a3') in 0.001727 seconds
  Import took 0.005919 seconds .

========================================================================
Received Prepare
Registering precompiled user dll's ...
Registered in 0.001018 seconds.
Begin MonoManager ReloadAssembly
Native extension for WindowsStandalone target not found
Refreshing native plugins compatible for Editor in 0.49 ms, found 0 plugins.
Preloading 0 native plugins for Editor in 0.00 ms.
Invoked RoslynAnalysisRunner static constructor.
RoslynAnalysisRunner will not be running.
RoslynAnalysisRunner has terminated.
Mono: successfully reloaded assembly
- Completed reload, in  0.772 seconds
Platform modules already initialized, skipping
Refreshing native plugins compatible for Editor in 0.47 ms, found 0 plugins.
Preloading 0 native plugins for Editor in 0.00 ms.
Unloading 3326 Unused Serialized files (Serialized files now loaded: 0)
System memory in use before: 150.2 MB.
System memory in use after: 146.1 MB.

Unloading 77 unused Assets to reduce memory usage. Loaded Objects now: 3812.
Total: 4.822100 ms (FindLiveObjects: 0.347300 ms CreateObjectMapping: 0.198900 ms MarkObjects: 1.566900 ms  DeleteObjects: 2.708100 ms)

========================================================================
Received Prepare
Registering precompiled user dll's ...
Registered in 0.000997 seconds.
Begin MonoManager ReloadAssembly
Native extension for WindowsStandalone target not found
Refreshing native plugins compatible for Editor in 0.45 ms, found 0 plugins.
Preloading 0 native plugins for Editor in 0.00 ms.
Invoked RoslynAnalysisRunner static constructor.
RoslynAnalysisRunner will not be running.
RoslynAnalysisRunner has terminated.
Mono: successfully reloaded assembly
- Completed reload, in  0.725 seconds
Platform modules already initialized, skipping
Refreshing native plugins compatible for Editor in 0.46 ms, found 0 plugins.
Preloading 0 native plugins for Editor in 0.00 ms.
Unloading 3326 Unused Serialized files (Serialized files now loaded: 0)
System memory in use before: 150.1 MB.
System memory in use after: 146.1 MB.

Unloading 76 unused Assets to reduce memory usage. Loaded Objects now: 3814.
Total: 4.158400 ms (FindLiveObjects: 0.275200 ms CreateObjectMapping: 0.160300 ms MarkObjects: 1.335700 ms  DeleteObjects: 2.386600 ms)

