Using pre-set license
Built from '2020.2/release' branch; Version is '2020.2.2f1 (068178b99f32) revision 426360'; Using compiler version '192528614'; Build Type 'Release'
OS: 'Windows 10 Home; OS build 19042.804; Version 2009; 64bit' Language: 'en' Physical Memory: 32690 MB
BatchMode: 1, IsHumanControllingUs: 0, StartBugReporterOnCrash: 0, Is64bit: 1, IsPro: 0

 COMMAND LINE ARGUMENTS:
C:\Program Files (x86)\2020.2.2f1\Editor\Unity.exe
-adb2
-batchMode
-noUpm
-name
AssetImportWorker0
-projectPath
D:/CET345/CET345Game/RockandStonev0.01
-logFile
Logs/AssetImportWorker0.log
-srvPort
60476
Successfully changed project path to: D:/CET345/CET345Game/RockandStonev0.01
D:/CET345/CET345Game/RockandStonev0.01
Using Asset Import Pipeline V2.
Refreshing native plugins compatible for Editor in 49.68 ms, found 0 plugins.
Preloading 0 native plugins for Editor in 0.00 ms.
Initialize engine version: 2020.2.2f1 (068178b99f32)
[Subsystems] Discovering subsystems at path C:/Program Files (x86)/2020.2.2f1/Editor/Data/Resources/UnitySubsystems
[Subsystems] Discovering subsystems at path D:/CET345/CET345Game/RockandStonev0.01/Assets
GfxDevice: creating device client; threaded=0
Direct3D:
    Version:  Direct3D 11.0 [level 11.1]
    Renderer: NVIDIA GeForce RTX 3080 (ID=0x2206)
    Vendor:   
    VRAM:     10078 MB
    Driver:   27.21.14.6089
Initialize mono
Mono path[0] = 'C:/Program Files (x86)/2020.2.2f1/Editor/Data/Managed'
Mono path[1] = 'C:/Program Files (x86)/2020.2.2f1/Editor/Data/MonoBleedingEdge/lib/mono/unityjit'
Mono config path = 'C:/Program Files (x86)/2020.2.2f1/Editor/Data/MonoBleedingEdge/etc'
Using monoOptions --debugger-agent=transport=dt_socket,embedding=1,server=y,suspend=n,address=127.0.0.1:56356
Begin MonoManager ReloadAssembly
Registering precompiled unity dll's ...
Register platform support module: C:/Program Files (x86)/2020.2.2f1/Editor/Data/PlaybackEngines/WindowsStandaloneSupport/UnityEditor.WindowsStandalone.Extensions.dll
Registered in 0.001411 seconds.
Native extension for WindowsStandalone target not found
Refreshing native plugins compatible for Editor in 50.12 ms, found 0 plugins.
Preloading 0 native plugins for Editor in 0.00 ms.
Invoked RoslynAnalysisRunner static constructor.
RoslynAnalysisRunner will not be running.
RoslynAnalysisRunner has terminated.
Mono: successfully reloaded assembly
- Completed reload, in  0.769 seconds
Platform modules already initialized, skipping
Registering precompiled user dll's ...
Registered in 0.000901 seconds.
Begin MonoManager ReloadAssembly
Native extension for WindowsStandalone target not found
Refreshing native plugins compatible for Editor in 53.81 ms, found 0 plugins.
Preloading 0 native plugins for Editor in 0.00 ms.
Invoked RoslynAnalysisRunner static constructor.
RoslynAnalysisRunner will not be running.
RoslynAnalysisRunner has terminated.
Mono: successfully reloaded assembly
- Completed reload, in  0.816 seconds
Platform modules already initialized, skipping
========================================================================
Worker process is ready to serve import requests
Launched and connected shader compiler UnityShaderCompiler.exe after 0.03 seconds
Refreshing native plugins compatible for Editor in 0.49 ms, found 0 plugins.
Preloading 0 native plugins for Editor in 0.00 ms.
Unloading 3284 Unused Serialized files (Serialized files now loaded: 0)
System memory in use before: 142.3 MB.
System memory in use after: 138.2 MB.

Unloading 81 unused Assets to reduce memory usage. Loaded Objects now: 3657.
Total: 3.985800 ms (FindLiveObjects: 0.395200 ms CreateObjectMapping: 0.183400 ms MarkObjects: 1.425800 ms  DeleteObjects: 1.980700 ms)

========================================================================
Received Import Request.
  path: Assets/Scripts/UI/Camera.cs
  artifactKey: Guid(cc44dd2767ef81346aa38f46b69bce91) Importer(815301076,1909f56bfc062723c751e8b465ee728b)
Start importing Assets/Scripts/UI/Camera.cs using Guid(cc44dd2767ef81346aa38f46b69bce91) Importer(815301076,1909f56bfc062723c751e8b465ee728b)  -> (artifact id: '836e5d280e054bd6a3ea2b83023e1cd2') in 0.016869 seconds
  Import took 0.020652 seconds .

========================================================================
Received Import Request.
  Time since last request: 10.689757 seconds.
  path: Assets/Scripts/UI/CameraScript.cs
  artifactKey: Guid(cc44dd2767ef81346aa38f46b69bce91) Importer(815301076,1909f56bfc062723c751e8b465ee728b)
Start importing Assets/Scripts/UI/CameraScript.cs using Guid(cc44dd2767ef81346aa38f46b69bce91) Importer(815301076,1909f56bfc062723c751e8b465ee728b)  -> (artifact id: 'f349179be89cab32ac87e2b2e9c81f97') in 0.005079 seconds
  Import took 0.009641 seconds .

========================================================================
Received Prepare
Registering precompiled user dll's ...
Registered in 0.000964 seconds.
Begin MonoManager ReloadAssembly
Native extension for WindowsStandalone target not found
Refreshing native plugins compatible for Editor in 0.46 ms, found 0 plugins.
Preloading 0 native plugins for Editor in 0.00 ms.
Invoked RoslynAnalysisRunner static constructor.
RoslynAnalysisRunner will not be running.
RoslynAnalysisRunner has terminated.
Mono: successfully reloaded assembly
- Completed reload, in  0.735 seconds
Platform modules already initialized, skipping
Refreshing native plugins compatible for Editor in 0.42 ms, found 0 plugins.
Preloading 0 native plugins for Editor in 0.00 ms.
Unloading 3254 Unused Serialized files (Serialized files now loaded: 0)
System memory in use before: 141.4 MB.
System memory in use after: 137.3 MB.

Unloading 76 unused Assets to reduce memory usage. Loaded Objects now: 3659.
Total: 4.208300 ms (FindLiveObjects: 0.251200 ms CreateObjectMapping: 0.127600 ms MarkObjects: 1.483400 ms  DeleteObjects: 2.345300 ms)

========================================================================
Received Prepare
Registering precompiled user dll's ...
Registered in 0.001034 seconds.
Begin MonoManager ReloadAssembly
Native extension for WindowsStandalone target not found
Refreshing native plugins compatible for Editor in 0.42 ms, found 0 plugins.
Preloading 0 native plugins for Editor in 0.00 ms.
Invoked RoslynAnalysisRunner static constructor.
RoslynAnalysisRunner will not be running.
RoslynAnalysisRunner has terminated.
Mono: successfully reloaded assembly
- Completed reload, in  0.711 seconds
Platform modules already initialized, skipping
Refreshing native plugins compatible for Editor in 0.43 ms, found 0 plugins.
Preloading 0 native plugins for Editor in 0.00 ms.
Unloading 3254 Unused Serialized files (Serialized files now loaded: 0)
System memory in use before: 141.4 MB.
System memory in use after: 137.3 MB.

Unloading 76 unused Assets to reduce memory usage. Loaded Objects now: 3661.
Total: 3.773300 ms (FindLiveObjects: 0.244400 ms CreateObjectMapping: 0.144300 ms MarkObjects: 1.259500 ms  DeleteObjects: 2.124500 ms)

========================================================================
Received Prepare
Registering precompiled user dll's ...
Registered in 0.001000 seconds.
Begin MonoManager ReloadAssembly
Native extension for WindowsStandalone target not found
Refreshing native plugins compatible for Editor in 0.42 ms, found 0 plugins.
Preloading 0 native plugins for Editor in 0.00 ms.
Invoked RoslynAnalysisRunner static constructor.
RoslynAnalysisRunner will not be running.
RoslynAnalysisRunner has terminated.
Mono: successfully reloaded assembly
- Completed reload, in  0.714 seconds
Platform modules already initialized, skipping
Refreshing native plugins compatible for Editor in 0.58 ms, found 0 plugins.
Preloading 0 native plugins for Editor in 0.00 ms.
Unloading 3254 Unused Serialized files (Serialized files now loaded: 0)
System memory in use before: 141.5 MB.
System memory in use after: 137.4 MB.

Unloading 76 unused Assets to reduce memory usage. Loaded Objects now: 3663.
Total: 4.289800 ms (FindLiveObjects: 0.259400 ms CreateObjectMapping: 0.152400 ms MarkObjects: 1.304100 ms  DeleteObjects: 2.573000 ms)

========================================================================
Received Prepare
Registering precompiled user dll's ...
Registered in 0.000976 seconds.
Begin MonoManager ReloadAssembly
Native extension for WindowsStandalone target not found
Refreshing native plugins compatible for Editor in 0.59 ms, found 0 plugins.
Preloading 0 native plugins for Editor in 0.00 ms.
Invoked RoslynAnalysisRunner static constructor.
RoslynAnalysisRunner will not be running.
RoslynAnalysisRunner has terminated.
Mono: successfully reloaded assembly
- Completed reload, in  0.724 seconds
Platform modules already initialized, skipping
Refreshing native plugins compatible for Editor in 0.44 ms, found 0 plugins.
Preloading 0 native plugins for Editor in 0.00 ms.
Unloading 3254 Unused Serialized files (Serialized files now loaded: 0)
System memory in use before: 141.5 MB.
System memory in use after: 137.4 MB.

Unloading 76 unused Assets to reduce memory usage. Loaded Objects now: 3665.
Total: 3.913400 ms (FindLiveObjects: 0.238200 ms CreateObjectMapping: 0.136900 ms MarkObjects: 1.310200 ms  DeleteObjects: 2.227500 ms)

========================================================================
Received Prepare
Registering precompiled user dll's ...
Registered in 0.000968 seconds.
Begin MonoManager ReloadAssembly
Native extension for WindowsStandalone target not found
Refreshing native plugins compatible for Editor in 0.43 ms, found 0 plugins.
Preloading 0 native plugins for Editor in 0.00 ms.
Invoked RoslynAnalysisRunner static constructor.
RoslynAnalysisRunner will not be running.
RoslynAnalysisRunner has terminated.
Mono: successfully reloaded assembly
- Completed reload, in  0.705 seconds
Platform modules already initialized, skipping
Refreshing native plugins compatible for Editor in 0.44 ms, found 0 plugins.
Preloading 0 native plugins for Editor in 0.00 ms.
Unloading 3254 Unused Serialized files (Serialized files now loaded: 0)
System memory in use before: 141.5 MB.
System memory in use after: 137.4 MB.

Unloading 76 unused Assets to reduce memory usage. Loaded Objects now: 3667.
Total: 4.828800 ms (FindLiveObjects: 0.405100 ms CreateObjectMapping: 0.240100 ms MarkObjects: 1.491800 ms  DeleteObjects: 2.690900 ms)

========================================================================
Received Prepare
Registering precompiled user dll's ...
Registered in 0.000939 seconds.
Begin MonoManager ReloadAssembly
Native extension for WindowsStandalone target not found
Refreshing native plugins compatible for Editor in 0.43 ms, found 0 plugins.
Preloading 0 native plugins for Editor in 0.00 ms.
Invoked RoslynAnalysisRunner static constructor.
RoslynAnalysisRunner will not be running.
RoslynAnalysisRunner has terminated.
Mono: successfully reloaded assembly
- Completed reload, in  0.703 seconds
Platform modules already initialized, skipping
Refreshing native plugins compatible for Editor in 0.43 ms, found 0 plugins.
Preloading 0 native plugins for Editor in 0.00 ms.
Unloading 3254 Unused Serialized files (Serialized files now loaded: 0)
System memory in use before: 141.5 MB.
System memory in use after: 137.4 MB.

Unloading 76 unused Assets to reduce memory usage. Loaded Objects now: 3669.
Total: 3.969400 ms (FindLiveObjects: 0.260100 ms CreateObjectMapping: 0.134600 ms MarkObjects: 1.337500 ms  DeleteObjects: 2.236500 ms)

========================================================================
Received Prepare
Registering precompiled user dll's ...
Registered in 0.000959 seconds.
Begin MonoManager ReloadAssembly
Native extension for WindowsStandalone target not found
Refreshing native plugins compatible for Editor in 0.43 ms, found 0 plugins.
Preloading 0 native plugins for Editor in 0.00 ms.
Invoked RoslynAnalysisRunner static constructor.
RoslynAnalysisRunner will not be running.
RoslynAnalysisRunner has terminated.
Mono: successfully reloaded assembly
- Completed reload, in  0.702 seconds
Platform modules already initialized, skipping
Refreshing native plugins compatible for Editor in 0.44 ms, found 0 plugins.
Preloading 0 native plugins for Editor in 0.00 ms.
Unloading 3254 Unused Serialized files (Serialized files now loaded: 0)
System memory in use before: 141.5 MB.
System memory in use after: 137.4 MB.

Unloading 76 unused Assets to reduce memory usage. Loaded Objects now: 3671.
Total: 4.756000 ms (FindLiveObjects: 0.299000 ms CreateObjectMapping: 0.188100 ms MarkObjects: 1.593700 ms  DeleteObjects: 2.674500 ms)

========================================================================
Received Prepare
Registering precompiled user dll's ...
Registered in 0.000966 seconds.
Begin MonoManager ReloadAssembly
Native extension for WindowsStandalone target not found
Refreshing native plugins compatible for Editor in 0.43 ms, found 0 plugins.
Preloading 0 native plugins for Editor in 0.00 ms.
Invoked RoslynAnalysisRunner static constructor.
RoslynAnalysisRunner will not be running.
RoslynAnalysisRunner has terminated.
Mono: successfully reloaded assembly
- Completed reload, in  0.692 seconds
Platform modules already initialized, skipping
Refreshing native plugins compatible for Editor in 0.43 ms, found 0 plugins.
Preloading 0 native plugins for Editor in 0.00 ms.
Unloading 3254 Unused Serialized files (Serialized files now loaded: 0)
System memory in use before: 141.5 MB.
System memory in use after: 137.4 MB.

Unloading 76 unused Assets to reduce memory usage. Loaded Objects now: 3673.
Total: 3.961100 ms (FindLiveObjects: 0.234400 ms CreateObjectMapping: 0.133300 ms MarkObjects: 1.339900 ms  DeleteObjects: 2.252800 ms)

========================================================================
Received Import Request.
  Time since last request: 1672.139823 seconds.
  path: ProjectSettings/TagManager.asset
  artifactKey: Guid(00000000000000003000000000000000) Importer(815301076,1909f56bfc062723c751e8b465ee728b)
Start importing ProjectSettings/TagManager.asset using Guid(00000000000000003000000000000000) Importer(815301076,1909f56bfc062723c751e8b465ee728b)  -> (artifact id: 'ebe43c224d90ede404c17daa81e51b7c') in 0.017058 seconds
  Import took 0.021186 seconds .

========================================================================
Received Prepare
Registering precompiled user dll's ...
Registered in 0.000949 seconds.
Begin MonoManager ReloadAssembly
Native extension for WindowsStandalone target not found
Refreshing native plugins compatible for Editor in 0.43 ms, found 0 plugins.
Preloading 0 native plugins for Editor in 0.00 ms.
Invoked RoslynAnalysisRunner static constructor.
RoslynAnalysisRunner will not be running.
RoslynAnalysisRunner has terminated.
Mono: successfully reloaded assembly
- Completed reload, in  0.708 seconds
Platform modules already initialized, skipping
Refreshing native plugins compatible for Editor in 0.43 ms, found 0 plugins.
Preloading 0 native plugins for Editor in 0.00 ms.
Unloading 3254 Unused Serialized files (Serialized files now loaded: 0)
System memory in use before: 141.5 MB.
System memory in use after: 137.4 MB.

Unloading 77 unused Assets to reduce memory usage. Loaded Objects now: 3675.
Total: 4.883400 ms (FindLiveObjects: 0.515000 ms CreateObjectMapping: 0.204800 ms MarkObjects: 1.641700 ms  DeleteObjects: 2.520400 ms)

========================================================================
Received Prepare
Registering precompiled user dll's ...
Registered in 0.000980 seconds.
Begin MonoManager ReloadAssembly
Native extension for WindowsStandalone target not found
Refreshing native plugins compatible for Editor in 0.43 ms, found 0 plugins.
Preloading 0 native plugins for Editor in 0.00 ms.
Invoked RoslynAnalysisRunner static constructor.
RoslynAnalysisRunner will not be running.
RoslynAnalysisRunner has terminated.
Mono: successfully reloaded assembly
- Completed reload, in  0.709 seconds
Platform modules already initialized, skipping
Refreshing native plugins compatible for Editor in 0.44 ms, found 0 plugins.
Preloading 0 native plugins for Editor in 0.00 ms.
Unloading 3254 Unused Serialized files (Serialized files now loaded: 0)
System memory in use before: 141.5 MB.
System memory in use after: 137.4 MB.

Unloading 76 unused Assets to reduce memory usage. Loaded Objects now: 3677.
Total: 4.337600 ms (FindLiveObjects: 0.364600 ms CreateObjectMapping: 0.186800 ms MarkObjects: 1.373000 ms  DeleteObjects: 2.412600 ms)

========================================================================
Received Prepare
Registering precompiled user dll's ...
Registered in 0.000969 seconds.
Begin MonoManager ReloadAssembly
Native extension for WindowsStandalone target not found
Refreshing native plugins compatible for Editor in 0.43 ms, found 0 plugins.
Preloading 0 native plugins for Editor in 0.00 ms.
Invoked RoslynAnalysisRunner static constructor.
RoslynAnalysisRunner will not be running.
RoslynAnalysisRunner has terminated.
Mono: successfully reloaded assembly
- Completed reload, in  0.710 seconds
Platform modules already initialized, skipping
Refreshing native plugins compatible for Editor in 0.43 ms, found 0 plugins.
Preloading 0 native plugins for Editor in 0.00 ms.
Unloading 3254 Unused Serialized files (Serialized files now loaded: 0)
System memory in use before: 141.5 MB.
System memory in use after: 137.4 MB.

Unloading 76 unused Assets to reduce memory usage. Loaded Objects now: 3679.
Total: 4.112000 ms (FindLiveObjects: 0.379100 ms CreateObjectMapping: 0.152200 ms MarkObjects: 1.260700 ms  DeleteObjects: 2.318900 ms)

========================================================================
Received Prepare
Registering precompiled user dll's ...
Registered in 0.000922 seconds.
Begin MonoManager ReloadAssembly
Native extension for WindowsStandalone target not found
Refreshing native plugins compatible for Editor in 0.45 ms, found 0 plugins.
Preloading 0 native plugins for Editor in 0.00 ms.
Invoked RoslynAnalysisRunner static constructor.
RoslynAnalysisRunner will not be running.
RoslynAnalysisRunner has terminated.
Mono: successfully reloaded assembly
- Completed reload, in  0.707 seconds
Platform modules already initialized, skipping
Refreshing native plugins compatible for Editor in 0.45 ms, found 0 plugins.
Preloading 0 native plugins for Editor in 0.00 ms.
Unloading 3254 Unused Serialized files (Serialized files now loaded: 0)
System memory in use before: 141.5 MB.
System memory in use after: 137.4 MB.

Unloading 76 unused Assets to reduce memory usage. Loaded Objects now: 3681.
Total: 4.128700 ms (FindLiveObjects: 0.284600 ms CreateObjectMapping: 0.165800 ms MarkObjects: 1.323600 ms  DeleteObjects: 2.353900 ms)

========================================================================
Received Prepare
Registering precompiled user dll's ...
Registered in 0.000935 seconds.
Begin MonoManager ReloadAssembly
Native extension for WindowsStandalone target not found
Refreshing native plugins compatible for Editor in 0.43 ms, found 0 plugins.
Preloading 0 native plugins for Editor in 0.00 ms.
Invoked RoslynAnalysisRunner static constructor.
RoslynAnalysisRunner will not be running.
RoslynAnalysisRunner has terminated.
Mono: successfully reloaded assembly
- Completed reload, in  0.712 seconds
Platform modules already initialized, skipping
Refreshing native plugins compatible for Editor in 0.43 ms, found 0 plugins.
Preloading 0 native plugins for Editor in 0.00 ms.
Unloading 3254 Unused Serialized files (Serialized files now loaded: 0)
System memory in use before: 141.5 MB.
System memory in use after: 137.4 MB.

Unloading 76 unused Assets to reduce memory usage. Loaded Objects now: 3683.
Total: 4.137800 ms (FindLiveObjects: 0.239700 ms CreateObjectMapping: 0.128700 ms MarkObjects: 1.373000 ms  DeleteObjects: 2.395600 ms)

========================================================================
Received Prepare
Registering precompiled user dll's ...
Registered in 0.000946 seconds.
Begin MonoManager ReloadAssembly
Native extension for WindowsStandalone target not found
Refreshing native plugins compatible for Editor in 0.43 ms, found 0 plugins.
Preloading 0 native plugins for Editor in 0.00 ms.
Invoked RoslynAnalysisRunner static constructor.
RoslynAnalysisRunner will not be running.
RoslynAnalysisRunner has terminated.
Mono: successfully reloaded assembly
- Completed reload, in  0.704 seconds
Platform modules already initialized, skipping
Refreshing native plugins compatible for Editor in 0.45 ms, found 0 plugins.
Preloading 0 native plugins for Editor in 0.00 ms.
Unloading 3254 Unused Serialized files (Serialized files now loaded: 0)
System memory in use before: 141.5 MB.
System memory in use after: 137.4 MB.

Unloading 76 unused Assets to reduce memory usage. Loaded Objects now: 3685.
Total: 3.929700 ms (FindLiveObjects: 0.242200 ms CreateObjectMapping: 0.135500 ms MarkObjects: 1.249300 ms  DeleteObjects: 2.301600 ms)

========================================================================
Received Import Request.
  Time since last request: 213.397797 seconds.
  path: Assets/Prefabs/Buildings/Perm.prefab
  artifactKey: Guid(6972b61db4dc09b4ab6f1510170f680e) Importer(815301076,1909f56bfc062723c751e8b465ee728b)
Start importing Assets/Prefabs/Buildings/Perm.prefab using Guid(6972b61db4dc09b4ab6f1510170f680e) Importer(815301076,1909f56bfc062723c751e8b465ee728b)  -> (artifact id: 'bacf0396ff2a1fa61e8d7f9af44767f6') in 0.135718 seconds
  Import took 0.139835 seconds .

========================================================================
Received Import Request.
  Time since last request: 0.000135 seconds.
  path: Assets/Prefabs/Buildings/Temp.prefab
  artifactKey: Guid(76913eb7385ca8847b4e3dfd5d066c00) Importer(815301076,1909f56bfc062723c751e8b465ee728b)
Start importing Assets/Prefabs/Buildings/Temp.prefab using Guid(76913eb7385ca8847b4e3dfd5d066c00) Importer(815301076,1909f56bfc062723c751e8b465ee728b)  -> (artifact id: 'ca6c4451c3a3c63a8236a148eb23fa3b') in 0.011968 seconds
  Import took 0.015659 seconds .

========================================================================
Received Prepare
Registering precompiled user dll's ...
Registered in 0.000926 seconds.
Begin MonoManager ReloadAssembly
Native extension for WindowsStandalone target not found
Refreshing native plugins compatible for Editor in 0.44 ms, found 0 plugins.
Preloading 0 native plugins for Editor in 0.00 ms.
Invoked RoslynAnalysisRunner static constructor.
RoslynAnalysisRunner will not be running.
RoslynAnalysisRunner has terminated.
Mono: successfully reloaded assembly
- Completed reload, in  0.710 seconds
Platform modules already initialized, skipping
Refreshing native plugins compatible for Editor in 0.43 ms, found 0 plugins.
Preloading 0 native plugins for Editor in 0.00 ms.
Unloading 3254 Unused Serialized files (Serialized files now loaded: 0)
System memory in use before: 144.6 MB.
System memory in use after: 140.5 MB.

Unloading 76 unused Assets to reduce memory usage. Loaded Objects now: 3695.
Total: 3.862500 ms (FindLiveObjects: 0.268200 ms CreateObjectMapping: 0.157200 ms MarkObjects: 1.482700 ms  DeleteObjects: 1.953700 ms)

========================================================================
Received Prepare
Registering precompiled user dll's ...
Registered in 0.000942 seconds.
Begin MonoManager ReloadAssembly
Native extension for WindowsStandalone target not found
Refreshing native plugins compatible for Editor in 0.43 ms, found 0 plugins.
Preloading 0 native plugins for Editor in 0.00 ms.
Invoked RoslynAnalysisRunner static constructor.
RoslynAnalysisRunner will not be running.
RoslynAnalysisRunner has terminated.
Mono: successfully reloaded assembly
- Completed reload, in  0.705 seconds
Platform modules already initialized, skipping
Refreshing native plugins compatible for Editor in 0.43 ms, found 0 plugins.
Preloading 0 native plugins for Editor in 0.00 ms.
Unloading 3254 Unused Serialized files (Serialized files now loaded: 0)
System memory in use before: 144.6 MB.
System memory in use after: 140.5 MB.

Unloading 76 unused Assets to reduce memory usage. Loaded Objects now: 3697.
Total: 4.091300 ms (FindLiveObjects: 0.254300 ms CreateObjectMapping: 0.141600 ms MarkObjects: 1.381200 ms  DeleteObjects: 2.313100 ms)

========================================================================
Received Prepare
Registering precompiled user dll's ...
Registered in 0.000968 seconds.
Begin MonoManager ReloadAssembly
Native extension for WindowsStandalone target not found
Refreshing native plugins compatible for Editor in 0.42 ms, found 0 plugins.
Preloading 0 native plugins for Editor in 0.00 ms.
Invoked RoslynAnalysisRunner static constructor.
RoslynAnalysisRunner will not be running.
RoslynAnalysisRunner has terminated.
Mono: successfully reloaded assembly
- Completed reload, in  0.710 seconds
Platform modules already initialized, skipping
Refreshing native plugins compatible for Editor in 0.47 ms, found 0 plugins.
Preloading 0 native plugins for Editor in 0.00 ms.
Unloading 3254 Unused Serialized files (Serialized files now loaded: 0)
System memory in use before: 144.6 MB.
System memory in use after: 140.5 MB.

Unloading 76 unused Assets to reduce memory usage. Loaded Objects now: 3699.
Total: 4.607100 ms (FindLiveObjects: 0.388100 ms CreateObjectMapping: 0.209900 ms MarkObjects: 1.645800 ms  DeleteObjects: 2.362300 ms)

========================================================================
Received Prepare
Registering precompiled user dll's ...
Registered in 0.000942 seconds.
Begin MonoManager ReloadAssembly
Native extension for WindowsStandalone target not found
Refreshing native plugins compatible for Editor in 0.42 ms, found 0 plugins.
Preloading 0 native plugins for Editor in 0.00 ms.
Invoked RoslynAnalysisRunner static constructor.
RoslynAnalysisRunner will not be running.
RoslynAnalysisRunner has terminated.
Mono: successfully reloaded assembly
- Completed reload, in  0.728 seconds
Platform modules already initialized, skipping
Refreshing native plugins compatible for Editor in 0.43 ms, found 0 plugins.
Preloading 0 native plugins for Editor in 0.00 ms.
Unloading 3254 Unused Serialized files (Serialized files now loaded: 0)
System memory in use before: 144.6 MB.
System memory in use after: 140.5 MB.

Unloading 76 unused Assets to reduce memory usage. Loaded Objects now: 3701.
Total: 4.205000 ms (FindLiveObjects: 0.236300 ms CreateObjectMapping: 0.130400 ms MarkObjects: 1.491700 ms  DeleteObjects: 2.345900 ms)

========================================================================
Received Prepare
Registering precompiled user dll's ...
Registered in 0.001169 seconds.
Begin MonoManager ReloadAssembly
Native extension for WindowsStandalone target not found
Refreshing native plugins compatible for Editor in 0.43 ms, found 0 plugins.
Preloading 0 native plugins for Editor in 0.00 ms.
Invoked RoslynAnalysisRunner static constructor.
RoslynAnalysisRunner will not be running.
RoslynAnalysisRunner has terminated.
Mono: successfully reloaded assembly
- Completed reload, in  0.719 seconds
Platform modules already initialized, skipping
Refreshing native plugins compatible for Editor in 0.44 ms, found 0 plugins.
Preloading 0 native plugins for Editor in 0.00 ms.
Unloading 3254 Unused Serialized files (Serialized files now loaded: 0)
System memory in use before: 144.6 MB.
System memory in use after: 140.5 MB.

Unloading 76 unused Assets to reduce memory usage. Loaded Objects now: 3703.
Total: 4.507600 ms (FindLiveObjects: 0.307500 ms CreateObjectMapping: 0.164700 ms MarkObjects: 1.562100 ms  DeleteObjects: 2.472400 ms)

========================================================================
Received Prepare
Registering precompiled user dll's ...
Registered in 0.001007 seconds.
Begin MonoManager ReloadAssembly
Native extension for WindowsStandalone target not found
Refreshing native plugins compatible for Editor in 0.43 ms, found 0 plugins.
Preloading 0 native plugins for Editor in 0.00 ms.
Invoked RoslynAnalysisRunner static constructor.
RoslynAnalysisRunner will not be running.
RoslynAnalysisRunner has terminated.
Mono: successfully reloaded assembly
- Completed reload, in  0.717 seconds
Platform modules already initialized, skipping
Refreshing native plugins compatible for Editor in 0.43 ms, found 0 plugins.
Preloading 0 native plugins for Editor in 0.00 ms.
Unloading 3254 Unused Serialized files (Serialized files now loaded: 0)
System memory in use before: 144.6 MB.
System memory in use after: 140.5 MB.

Unloading 76 unused Assets to reduce memory usage. Loaded Objects now: 3705.
Total: 4.050000 ms (FindLiveObjects: 0.245500 ms CreateObjectMapping: 0.129600 ms MarkObjects: 1.344800 ms  DeleteObjects: 2.329500 ms)

========================================================================
Received Prepare
Registering precompiled user dll's ...
Registered in 0.000957 seconds.
Begin MonoManager ReloadAssembly
Native extension for WindowsStandalone target not found
Refreshing native plugins compatible for Editor in 0.43 ms, found 0 plugins.
Preloading 0 native plugins for Editor in 0.00 ms.
Invoked RoslynAnalysisRunner static constructor.
RoslynAnalysisRunner will not be running.
RoslynAnalysisRunner has terminated.
Mono: successfully reloaded assembly
- Completed reload, in  0.706 seconds
Platform modules already initialized, skipping
Refreshing native plugins compatible for Editor in 0.43 ms, found 0 plugins.
Preloading 0 native plugins for Editor in 0.00 ms.
Unloading 3254 Unused Serialized files (Serialized files now loaded: 0)
System memory in use before: 144.6 MB.
System memory in use after: 140.6 MB.

Unloading 76 unused Assets to reduce memory usage. Loaded Objects now: 3707.
Total: 4.796500 ms (FindLiveObjects: 0.458900 ms CreateObjectMapping: 0.233500 ms MarkObjects: 1.431700 ms  DeleteObjects: 2.671200 ms)

========================================================================
Received Prepare
Registering precompiled user dll's ...
Registered in 0.000913 seconds.
Begin MonoManager ReloadAssembly
Native extension for WindowsStandalone target not found
Refreshing native plugins compatible for Editor in 0.42 ms, found 0 plugins.
Preloading 0 native plugins for Editor in 0.00 ms.
Invoked RoslynAnalysisRunner static constructor.
RoslynAnalysisRunner will not be running.
RoslynAnalysisRunner has terminated.
Mono: successfully reloaded assembly
- Completed reload, in  0.711 seconds
Platform modules already initialized, skipping
Refreshing native plugins compatible for Editor in 0.43 ms, found 0 plugins.
Preloading 0 native plugins for Editor in 0.00 ms.
Unloading 3254 Unused Serialized files (Serialized files now loaded: 0)
System memory in use before: 144.6 MB.
System memory in use after: 140.6 MB.

Unloading 76 unused Assets to reduce memory usage. Loaded Objects now: 3709.
Total: 4.015400 ms (FindLiveObjects: 0.239000 ms CreateObjectMapping: 0.132200 ms MarkObjects: 1.315100 ms  DeleteObjects: 2.328300 ms)

========================================================================
Received Prepare
Registering precompiled user dll's ...
Registered in 0.000961 seconds.
Begin MonoManager ReloadAssembly
Native extension for WindowsStandalone target not found
Refreshing native plugins compatible for Editor in 0.43 ms, found 0 plugins.
Preloading 0 native plugins for Editor in 0.00 ms.
Invoked RoslynAnalysisRunner static constructor.
RoslynAnalysisRunner will not be running.
RoslynAnalysisRunner has terminated.
Mono: successfully reloaded assembly
- Completed reload, in  0.697 seconds
Platform modules already initialized, skipping
Refreshing native plugins compatible for Editor in 0.42 ms, found 0 plugins.
Preloading 0 native plugins for Editor in 0.00 ms.
Unloading 3254 Unused Serialized files (Serialized files now loaded: 0)
System memory in use before: 144.6 MB.
System memory in use after: 140.6 MB.

Unloading 76 unused Assets to reduce memory usage. Loaded Objects now: 3711.
Total: 4.499600 ms (FindLiveObjects: 0.406300 ms CreateObjectMapping: 0.226900 ms MarkObjects: 1.429000 ms  DeleteObjects: 2.436600 ms)

========================================================================
Received Prepare
Registering precompiled user dll's ...
Registered in 0.000938 seconds.
Begin MonoManager ReloadAssembly
Native extension for WindowsStandalone target not found
Refreshing native plugins compatible for Editor in 0.43 ms, found 0 plugins.
Preloading 0 native plugins for Editor in 0.00 ms.
Invoked RoslynAnalysisRunner static constructor.
RoslynAnalysisRunner will not be running.
RoslynAnalysisRunner has terminated.
Mono: successfully reloaded assembly
- Completed reload, in  0.697 seconds
Platform modules already initialized, skipping
Refreshing native plugins compatible for Editor in 0.44 ms, found 0 plugins.
Preloading 0 native plugins for Editor in 0.00 ms.
Unloading 3254 Unused Serialized files (Serialized files now loaded: 0)
System memory in use before: 144.6 MB.
System memory in use after: 140.6 MB.

Unloading 76 unused Assets to reduce memory usage. Loaded Objects now: 3713.
Total: 4.159600 ms (FindLiveObjects: 0.252000 ms CreateObjectMapping: 0.145400 ms MarkObjects: 1.366300 ms  DeleteObjects: 2.395400 ms)

========================================================================
Received Prepare
Registering precompiled user dll's ...
Registered in 0.000950 seconds.
Begin MonoManager ReloadAssembly
Native extension for WindowsStandalone target not found
Refreshing native plugins compatible for Editor in 0.43 ms, found 0 plugins.
Preloading 0 native plugins for Editor in 0.00 ms.
Invoked RoslynAnalysisRunner static constructor.
RoslynAnalysisRunner will not be running.
RoslynAnalysisRunner has terminated.
Mono: successfully reloaded assembly
- Completed reload, in  0.694 seconds
Platform modules already initialized, skipping
Refreshing native plugins compatible for Editor in 0.44 ms, found 0 plugins.
Preloading 0 native plugins for Editor in 0.00 ms.
Unloading 3254 Unused Serialized files (Serialized files now loaded: 0)
System memory in use before: 144.7 MB.
System memory in use after: 140.6 MB.

Unloading 76 unused Assets to reduce memory usage. Loaded Objects now: 3715.
Total: 4.217300 ms (FindLiveObjects: 0.292700 ms CreateObjectMapping: 0.166300 ms MarkObjects: 1.356800 ms  DeleteObjects: 2.400700 ms)

========================================================================
Received Prepare
Registering precompiled user dll's ...
Registered in 0.000890 seconds.
Begin MonoManager ReloadAssembly
Native extension for WindowsStandalone target not found
Refreshing native plugins compatible for Editor in 0.43 ms, found 0 plugins.
Preloading 0 native plugins for Editor in 0.00 ms.
Invoked RoslynAnalysisRunner static constructor.
RoslynAnalysisRunner will not be running.
RoslynAnalysisRunner has terminated.
Mono: successfully reloaded assembly
- Completed reload, in  0.697 seconds
Platform modules already initialized, skipping
Refreshing native plugins compatible for Editor in 0.43 ms, found 0 plugins.
Preloading 0 native plugins for Editor in 0.00 ms.
Unloading 3254 Unused Serialized files (Serialized files now loaded: 0)
System memory in use before: 144.7 MB.
System memory in use after: 140.6 MB.

Unloading 76 unused Assets to reduce memory usage. Loaded Objects now: 3717.
Total: 4.383100 ms (FindLiveObjects: 0.360000 ms CreateObjectMapping: 0.179800 ms MarkObjects: 1.454500 ms  DeleteObjects: 2.388100 ms)

========================================================================
Received Prepare
Registering precompiled user dll's ...
Registered in 0.000950 seconds.
Begin MonoManager ReloadAssembly
Native extension for WindowsStandalone target not found
Refreshing native plugins compatible for Editor in 0.44 ms, found 0 plugins.
Preloading 0 native plugins for Editor in 0.00 ms.
Invoked RoslynAnalysisRunner static constructor.
RoslynAnalysisRunner will not be running.
RoslynAnalysisRunner has terminated.
Mono: successfully reloaded assembly
- Completed reload, in  0.687 seconds
Platform modules already initialized, skipping
Refreshing native plugins compatible for Editor in 0.44 ms, found 0 plugins.
Preloading 0 native plugins for Editor in 0.00 ms.
Unloading 3254 Unused Serialized files (Serialized files now loaded: 0)
System memory in use before: 144.7 MB.
System memory in use after: 140.6 MB.

Unloading 76 unused Assets to reduce memory usage. Loaded Objects now: 3719.
Total: 4.239900 ms (FindLiveObjects: 0.277900 ms CreateObjectMapping: 0.157900 ms MarkObjects: 1.373000 ms  DeleteObjects: 2.430400 ms)

========================================================================
Received Prepare
Registering precompiled user dll's ...
Registered in 0.000953 seconds.
Begin MonoManager ReloadAssembly
Native extension for WindowsStandalone target not found
Refreshing native plugins compatible for Editor in 0.43 ms, found 0 plugins.
Preloading 0 native plugins for Editor in 0.00 ms.
Invoked RoslynAnalysisRunner static constructor.
RoslynAnalysisRunner will not be running.
RoslynAnalysisRunner has terminated.
Mono: successfully reloaded assembly
- Completed reload, in  0.707 seconds
Platform modules already initialized, skipping
Refreshing native plugins compatible for Editor in 0.45 ms, found 0 plugins.
Preloading 0 native plugins for Editor in 0.00 ms.
Unloading 3254 Unused Serialized files (Serialized files now loaded: 0)
System memory in use before: 144.7 MB.
System memory in use after: 140.6 MB.

Unloading 76 unused Assets to reduce memory usage. Loaded Objects now: 3721.
Total: 4.117400 ms (FindLiveObjects: 0.264900 ms CreateObjectMapping: 0.138400 ms MarkObjects: 1.350900 ms  DeleteObjects: 2.362600 ms)

========================================================================
Received Prepare
Registering precompiled user dll's ...
Registered in 0.000981 seconds.
Begin MonoManager ReloadAssembly
Native extension for WindowsStandalone target not found
Refreshing native plugins compatible for Editor in 0.42 ms, found 0 plugins.
Preloading 0 native plugins for Editor in 0.00 ms.
Invoked RoslynAnalysisRunner static constructor.
RoslynAnalysisRunner will not be running.
RoslynAnalysisRunner has terminated.
Mono: successfully reloaded assembly
- Completed reload, in  0.703 seconds
Platform modules already initialized, skipping
Refreshing native plugins compatible for Editor in 0.45 ms, found 0 plugins.
Preloading 0 native plugins for Editor in 0.00 ms.
Unloading 3254 Unused Serialized files (Serialized files now loaded: 0)
System memory in use before: 144.7 MB.
System memory in use after: 140.6 MB.

Unloading 76 unused Assets to reduce memory usage. Loaded Objects now: 3723.
Total: 4.940100 ms (FindLiveObjects: 0.440200 ms CreateObjectMapping: 0.247300 ms MarkObjects: 1.721900 ms  DeleteObjects: 2.529700 ms)

========================================================================
Received Prepare
Registering precompiled user dll's ...
Registered in 0.000948 seconds.
Begin MonoManager ReloadAssembly
Native extension for WindowsStandalone target not found
Refreshing native plugins compatible for Editor in 0.43 ms, found 0 plugins.
Preloading 0 native plugins for Editor in 0.00 ms.
Invoked RoslynAnalysisRunner static constructor.
RoslynAnalysisRunner will not be running.
RoslynAnalysisRunner has terminated.
Mono: successfully reloaded assembly
- Completed reload, in  0.700 seconds
Platform modules already initialized, skipping
Refreshing native plugins compatible for Editor in 0.43 ms, found 0 plugins.
Preloading 0 native plugins for Editor in 0.00 ms.
Unloading 3254 Unused Serialized files (Serialized files now loaded: 0)
System memory in use before: 144.7 MB.
System memory in use after: 140.6 MB.

Unloading 76 unused Assets to reduce memory usage. Loaded Objects now: 3725.
Total: 4.320200 ms (FindLiveObjects: 0.278600 ms CreateObjectMapping: 0.149200 ms MarkObjects: 1.433500 ms  DeleteObjects: 2.457600 ms)

========================================================================
Received Prepare
Registering precompiled user dll's ...
Registered in 0.000963 seconds.
Begin MonoManager ReloadAssembly
Native extension for WindowsStandalone target not found
Refreshing native plugins compatible for Editor in 0.43 ms, found 0 plugins.
Preloading 0 native plugins for Editor in 0.00 ms.
Invoked RoslynAnalysisRunner static constructor.
RoslynAnalysisRunner will not be running.
RoslynAnalysisRunner has terminated.
Mono: successfully reloaded assembly
- Completed reload, in  0.702 seconds
Platform modules already initialized, skipping
Refreshing native plugins compatible for Editor in 0.45 ms, found 0 plugins.
Preloading 0 native plugins for Editor in 0.00 ms.
Unloading 3254 Unused Serialized files (Serialized files now loaded: 0)
System memory in use before: 144.7 MB.
System memory in use after: 140.6 MB.

Unloading 76 unused Assets to reduce memory usage. Loaded Objects now: 3727.
Total: 4.364300 ms (FindLiveObjects: 0.252100 ms CreateObjectMapping: 0.149100 ms MarkObjects: 1.503400 ms  DeleteObjects: 2.459000 ms)

========================================================================
Received Prepare
Registering precompiled user dll's ...
Registered in 0.000946 seconds.
Begin MonoManager ReloadAssembly
Native extension for WindowsStandalone target not found
Refreshing native plugins compatible for Editor in 0.42 ms, found 0 plugins.
Preloading 0 native plugins for Editor in 0.00 ms.
Invoked RoslynAnalysisRunner static constructor.
RoslynAnalysisRunner will not be running.
RoslynAnalysisRunner has terminated.
Mono: successfully reloaded assembly
- Completed reload, in  0.695 seconds
Platform modules already initialized, skipping
Refreshing native plugins compatible for Editor in 0.44 ms, found 0 plugins.
Preloading 0 native plugins for Editor in 0.00 ms.
Unloading 3254 Unused Serialized files (Serialized files now loaded: 0)
System memory in use before: 144.7 MB.
System memory in use after: 140.6 MB.

Unloading 76 unused Assets to reduce memory usage. Loaded Objects now: 3729.
Total: 4.364800 ms (FindLiveObjects: 0.361700 ms CreateObjectMapping: 0.151500 ms MarkObjects: 1.448200 ms  DeleteObjects: 2.402600 ms)

========================================================================
Received Prepare
Registering precompiled user dll's ...
Registered in 0.000973 seconds.
Begin MonoManager ReloadAssembly
Native extension for WindowsStandalone target not found
Refreshing native plugins compatible for Editor in 0.53 ms, found 0 plugins.
Preloading 0 native plugins for Editor in 0.00 ms.
Invoked RoslynAnalysisRunner static constructor.
RoslynAnalysisRunner will not be running.
RoslynAnalysisRunner has terminated.
Mono: successfully reloaded assembly
- Completed reload, in  0.719 seconds
Platform modules already initialized, skipping
Refreshing native plugins compatible for Editor in 0.47 ms, found 0 plugins.
Preloading 0 native plugins for Editor in 0.00 ms.
Unloading 3254 Unused Serialized files (Serialized files now loaded: 0)
System memory in use before: 144.7 MB.
System memory in use after: 140.6 MB.

Unloading 76 unused Assets to reduce memory usage. Loaded Objects now: 3731.
Total: 5.080300 ms (FindLiveObjects: 0.315700 ms CreateObjectMapping: 0.177300 ms MarkObjects: 1.629300 ms  DeleteObjects: 2.956400 ms)

========================================================================
Received Prepare
Registering precompiled user dll's ...
Registered in 0.001068 seconds.
Begin MonoManager ReloadAssembly
Native extension for WindowsStandalone target not found
Refreshing native plugins compatible for Editor in 0.55 ms, found 0 plugins.
Preloading 0 native plugins for Editor in 0.00 ms.
Invoked RoslynAnalysisRunner static constructor.
RoslynAnalysisRunner will not be running.
RoslynAnalysisRunner has terminated.
Mono: successfully reloaded assembly
- Completed reload, in  0.758 seconds
Platform modules already initialized, skipping
Refreshing native plugins compatible for Editor in 0.56 ms, found 0 plugins.
Preloading 0 native plugins for Editor in 0.00 ms.
Unloading 3254 Unused Serialized files (Serialized files now loaded: 0)
System memory in use before: 144.7 MB.
System memory in use after: 140.6 MB.

Unloading 76 unused Assets to reduce memory usage. Loaded Objects now: 3733.
Total: 4.615700 ms (FindLiveObjects: 0.286000 ms CreateObjectMapping: 0.156900 ms MarkObjects: 1.475600 ms  DeleteObjects: 2.696100 ms)

========================================================================
Received Prepare
Registering precompiled user dll's ...
Registered in 0.001002 seconds.
Begin MonoManager ReloadAssembly
Native extension for WindowsStandalone target not found
Refreshing native plugins compatible for Editor in 0.43 ms, found 0 plugins.
Preloading 0 native plugins for Editor in 0.00 ms.
Invoked RoslynAnalysisRunner static constructor.
RoslynAnalysisRunner will not be running.
RoslynAnalysisRunner has terminated.
Mono: successfully reloaded assembly
- Completed reload, in  0.721 seconds
Platform modules already initialized, skipping
Refreshing native plugins compatible for Editor in 0.51 ms, found 0 plugins.
Preloading 0 native plugins for Editor in 0.00 ms.
Unloading 3254 Unused Serialized files (Serialized files now loaded: 0)
System memory in use before: 144.7 MB.
System memory in use after: 140.6 MB.

Unloading 76 unused Assets to reduce memory usage. Loaded Objects now: 3735.
Total: 4.539400 ms (FindLiveObjects: 0.261800 ms CreateObjectMapping: 0.140900 ms MarkObjects: 1.513300 ms  DeleteObjects: 2.622700 ms)

========================================================================
Received Import Request.
  Time since last request: 821.279002 seconds.
  path: Assets/Prefabs/Buildings/Perm.prefab
  artifactKey: Guid(6972b61db4dc09b4ab6f1510170f680e) Importer(815301076,1909f56bfc062723c751e8b465ee728b)
Start importing Assets/Prefabs/Buildings/Perm.prefab using Guid(6972b61db4dc09b4ab6f1510170f680e) Importer(815301076,1909f56bfc062723c751e8b465ee728b)  -> (artifact id: '5b28625b8f7777af226f4cd6784fec0d') in 0.091191 seconds
  Import took 0.095510 seconds .

========================================================================
Received Import Request.
  Time since last request: 0.000151 seconds.
  path: Assets/Prefabs/Buildings/Temp.prefab
  artifactKey: Guid(76913eb7385ca8847b4e3dfd5d066c00) Importer(815301076,1909f56bfc062723c751e8b465ee728b)
Start importing Assets/Prefabs/Buildings/Temp.prefab using Guid(76913eb7385ca8847b4e3dfd5d066c00) Importer(815301076,1909f56bfc062723c751e8b465ee728b)  -> (artifact id: '87dc391a3453ad8934a96f3a96586e27') in 0.005608 seconds
  Import took 0.009164 seconds .

========================================================================
Received Import Request.
  Time since last request: 1.207469 seconds.
  path: Assets/Prefabs/Buildings/Perm.prefab
  artifactKey: Guid(6972b61db4dc09b4ab6f1510170f680e) Importer(815301076,1909f56bfc062723c751e8b465ee728b)
Start importing Assets/Prefabs/Buildings/Perm.prefab using Guid(6972b61db4dc09b4ab6f1510170f680e) Importer(815301076,1909f56bfc062723c751e8b465ee728b)  -> (artifact id: '5b28625b8f7777af226f4cd6784fec0d') in 0.008425 seconds
  Import took 0.013759 seconds .

========================================================================
Received Prepare
Registering precompiled user dll's ...
Registered in 0.001048 seconds.
Begin MonoManager ReloadAssembly
Native extension for WindowsStandalone target not found
Refreshing native plugins compatible for Editor in 0.43 ms, found 0 plugins.
Preloading 0 native plugins for Editor in 0.00 ms.
Invoked RoslynAnalysisRunner static constructor.
RoslynAnalysisRunner will not be running.
RoslynAnalysisRunner has terminated.
Mono: successfully reloaded assembly
- Completed reload, in  0.746 seconds
Platform modules already initialized, skipping
Refreshing native plugins compatible for Editor in 0.45 ms, found 0 plugins.
Preloading 0 native plugins for Editor in 0.00 ms.
Unloading 3254 Unused Serialized files (Serialized files now loaded: 0)
System memory in use before: 144.7 MB.
System memory in use after: 140.6 MB.

Unloading 76 unused Assets to reduce memory usage. Loaded Objects now: 3738.
Total: 4.730800 ms (FindLiveObjects: 0.366400 ms CreateObjectMapping: 0.163500 ms MarkObjects: 1.695600 ms  DeleteObjects: 2.504200 ms)

========================================================================
Received Prepare
Registering precompiled user dll's ...
Registered in 0.000997 seconds.
Begin MonoManager ReloadAssembly
Native extension for WindowsStandalone target not found
Refreshing native plugins compatible for Editor in 0.46 ms, found 0 plugins.
Preloading 0 native plugins for Editor in 0.00 ms.
Invoked RoslynAnalysisRunner static constructor.
RoslynAnalysisRunner will not be running.
RoslynAnalysisRunner has terminated.
Mono: successfully reloaded assembly
- Completed reload, in  0.737 seconds
Platform modules already initialized, skipping
Refreshing native plugins compatible for Editor in 0.59 ms, found 0 plugins.
Preloading 0 native plugins for Editor in 0.00 ms.
Unloading 3254 Unused Serialized files (Serialized files now loaded: 0)
System memory in use before: 144.7 MB.
System memory in use after: 140.6 MB.

Unloading 76 unused Assets to reduce memory usage. Loaded Objects now: 3740.
Total: 5.107600 ms (FindLiveObjects: 0.436800 ms CreateObjectMapping: 0.184700 ms MarkObjects: 2.056900 ms  DeleteObjects: 2.427800 ms)

========================================================================
Received Import Request.
  Time since last request: 175.176048 seconds.
  path: Assets/Prefabs/Buildings/Temp.prefab
  artifactKey: Guid(76913eb7385ca8847b4e3dfd5d066c00) Importer(815301076,1909f56bfc062723c751e8b465ee728b)
Start importing Assets/Prefabs/Buildings/Temp.prefab using Guid(76913eb7385ca8847b4e3dfd5d066c00) Importer(815301076,1909f56bfc062723c751e8b465ee728b)  -> (artifact id: 'd0d9e6779a79958a360def7fd7e2c3d0') in 0.042358 seconds
  Import took 0.046614 seconds .

========================================================================
Received Import Request.
  Time since last request: 2.960276 seconds.
  path: Assets/Prefabs/Buildings/Temp.prefab
  artifactKey: Guid(76913eb7385ca8847b4e3dfd5d066c00) Importer(815301076,1909f56bfc062723c751e8b465ee728b)
Start importing Assets/Prefabs/Buildings/Temp.prefab using Guid(76913eb7385ca8847b4e3dfd5d066c00) Importer(815301076,1909f56bfc062723c751e8b465ee728b)  -> (artifact id: '378bdbea01e12cd4199da32941ff7ad9') in 0.006750 seconds
  Import took 0.011191 seconds .

========================================================================
Received Prepare
Registering precompiled user dll's ...
Registered in 0.001086 seconds.
Begin MonoManager ReloadAssembly
Native extension for WindowsStandalone target not found
Refreshing native plugins compatible for Editor in 0.42 ms, found 0 plugins.
Preloading 0 native plugins for Editor in 0.00 ms.
Invoked RoslynAnalysisRunner static constructor.
RoslynAnalysisRunner will not be running.
RoslynAnalysisRunner has terminated.
Mono: successfully reloaded assembly
- Completed reload, in  0.717 seconds
Platform modules already initialized, skipping
Refreshing native plugins compatible for Editor in 0.51 ms, found 0 plugins.
Preloading 0 native plugins for Editor in 0.00 ms.
Unloading 3254 Unused Serialized files (Serialized files now loaded: 0)
System memory in use before: 144.7 MB.
System memory in use after: 140.7 MB.

Unloading 76 unused Assets to reduce memory usage. Loaded Objects now: 3743.
Total: 4.436000 ms (FindLiveObjects: 0.269100 ms CreateObjectMapping: 0.145100 ms MarkObjects: 1.414900 ms  DeleteObjects: 2.606100 ms)

========================================================================
Received Import Request.
  Time since last request: 34.392127 seconds.
  path: Assets/Prefabs/Buildings/Temp.prefab
  artifactKey: Guid(76913eb7385ca8847b4e3dfd5d066c00) Importer(815301076,1909f56bfc062723c751e8b465ee728b)
Start importing Assets/Prefabs/Buildings/Temp.prefab using Guid(76913eb7385ca8847b4e3dfd5d066c00) Importer(815301076,1909f56bfc062723c751e8b465ee728b)  -> (artifact id: '3dbb49ef08b41bf7a7e25a42520fcbac') in 0.060060 seconds
  Import took 0.064470 seconds .

========================================================================
Received Import Request.
  Time since last request: 9.045682 seconds.
  path: Assets/Prefabs/Buildings/Perm.prefab
  artifactKey: Guid(6972b61db4dc09b4ab6f1510170f680e) Importer(815301076,1909f56bfc062723c751e8b465ee728b)
Start importing Assets/Prefabs/Buildings/Perm.prefab using Guid(6972b61db4dc09b4ab6f1510170f680e) Importer(815301076,1909f56bfc062723c751e8b465ee728b)  -> (artifact id: '22a152a7dd7c4ebff76a69a1754dc90b') in 0.009415 seconds
  Import took 0.013990 seconds .

========================================================================
Received Prepare
Registering precompiled user dll's ...
Registered in 0.000993 seconds.
Begin MonoManager ReloadAssembly
Native extension for WindowsStandalone target not found
Refreshing native plugins compatible for Editor in 0.44 ms, found 0 plugins.
Preloading 0 native plugins for Editor in 0.00 ms.
Invoked RoslynAnalysisRunner static constructor.
RoslynAnalysisRunner will not be running.
RoslynAnalysisRunner has terminated.
Mono: successfully reloaded assembly
- Completed reload, in  0.743 seconds
Platform modules already initialized, skipping
Refreshing native plugins compatible for Editor in 0.45 ms, found 0 plugins.
Preloading 0 native plugins for Editor in 0.00 ms.
Unloading 3254 Unused Serialized files (Serialized files now loaded: 0)
System memory in use before: 144.7 MB.
System memory in use after: 140.7 MB.

Unloading 76 unused Assets to reduce memory usage. Loaded Objects now: 3746.
Total: 4.591600 ms (FindLiveObjects: 0.299300 ms CreateObjectMapping: 0.157400 ms MarkObjects: 1.575100 ms  DeleteObjects: 2.558900 ms)

========================================================================
Received Prepare
Registering precompiled user dll's ...
Registered in 0.001006 seconds.
Begin MonoManager ReloadAssembly
Native extension for WindowsStandalone target not found
Refreshing native plugins compatible for Editor in 0.45 ms, found 0 plugins.
Preloading 0 native plugins for Editor in 0.00 ms.
Invoked RoslynAnalysisRunner static constructor.
RoslynAnalysisRunner will not be running.
RoslynAnalysisRunner has terminated.
Mono: successfully reloaded assembly
- Completed reload, in  0.729 seconds
Platform modules already initialized, skipping
Refreshing native plugins compatible for Editor in 0.60 ms, found 0 plugins.
Preloading 0 native plugins for Editor in 0.00 ms.
Unloading 3254 Unused Serialized files (Serialized files now loaded: 0)
System memory in use before: 144.8 MB.
System memory in use after: 140.7 MB.

Unloading 76 unused Assets to reduce memory usage. Loaded Objects now: 3748.
Total: 4.546400 ms (FindLiveObjects: 0.316400 ms CreateObjectMapping: 0.141800 ms MarkObjects: 1.335200 ms  DeleteObjects: 2.751900 ms)

========================================================================
Received Prepare
Registering precompiled user dll's ...
Registered in 0.001037 seconds.
Begin MonoManager ReloadAssembly
Native extension for WindowsStandalone target not found
Refreshing native plugins compatible for Editor in 0.45 ms, found 0 plugins.
Preloading 0 native plugins for Editor in 0.00 ms.
Invoked RoslynAnalysisRunner static constructor.
RoslynAnalysisRunner will not be running.
RoslynAnalysisRunner has terminated.
Mono: successfully reloaded assembly
- Completed reload, in  0.744 seconds
Platform modules already initialized, skipping
Refreshing native plugins compatible for Editor in 0.52 ms, found 0 plugins.
Preloading 0 native plugins for Editor in 0.00 ms.
Unloading 3254 Unused Serialized files (Serialized files now loaded: 0)
System memory in use before: 144.8 MB.
System memory in use after: 140.7 MB.

Unloading 76 unused Assets to reduce memory usage. Loaded Objects now: 3750.
Total: 4.446000 ms (FindLiveObjects: 0.386100 ms CreateObjectMapping: 0.129400 ms MarkObjects: 1.572500 ms  DeleteObjects: 2.356000 ms)

========================================================================
Received Import Request.
  Time since last request: 296.783042 seconds.
  path: ProjectSettings/TagManager.asset
  artifactKey: Guid(00000000000000003000000000000000) Importer(815301076,1909f56bfc062723c751e8b465ee728b)
Start importing ProjectSettings/TagManager.asset using Guid(00000000000000003000000000000000) Importer(815301076,1909f56bfc062723c751e8b465ee728b)  -> (artifact id: '11479fd87f85cc574ec99dae1d71a88e') in 0.015562 seconds
  Import took 0.020253 seconds .

========================================================================
Received Import Request.
  Time since last request: 8.836173 seconds.
  path: Assets/Prefabs/Buildings/Perm.prefab
  artifactKey: Guid(6972b61db4dc09b4ab6f1510170f680e) Importer(815301076,1909f56bfc062723c751e8b465ee728b)
Start importing Assets/Prefabs/Buildings/Perm.prefab using Guid(6972b61db4dc09b4ab6f1510170f680e) Importer(815301076,1909f56bfc062723c751e8b465ee728b)  -> (artifact id: 'b8fc3967784cbf18c00c6a1c6ac78ab3') in 0.034307 seconds
  Import took 0.038142 seconds .

========================================================================
Received Import Request.
  Time since last request: 1.638004 seconds.
  path: Assets/Prefabs/Buildings/Perm.prefab
  artifactKey: Guid(6972b61db4dc09b4ab6f1510170f680e) Importer(815301076,1909f56bfc062723c751e8b465ee728b)
Start importing Assets/Prefabs/Buildings/Perm.prefab using Guid(6972b61db4dc09b4ab6f1510170f680e) Importer(815301076,1909f56bfc062723c751e8b465ee728b)  -> (artifact id: '69a31c905d3a08d9030db3ff4dd0efac') in 0.008458 seconds
  Import took 0.012842 seconds .

========================================================================
Received Prepare
Registering precompiled user dll's ...
Registered in 0.000977 seconds.
Begin MonoManager ReloadAssembly
Native extension for WindowsStandalone target not found
Refreshing native plugins compatible for Editor in 0.42 ms, found 0 plugins.
Preloading 0 native plugins for Editor in 0.00 ms.
Invoked RoslynAnalysisRunner static constructor.
RoslynAnalysisRunner will not be running.
RoslynAnalysisRunner has terminated.
Mono: successfully reloaded assembly
- Completed reload, in  0.711 seconds
Platform modules already initialized, skipping
Refreshing native plugins compatible for Editor in 0.43 ms, found 0 plugins.
Preloading 0 native plugins for Editor in 0.00 ms.
Unloading 3254 Unused Serialized files (Serialized files now loaded: 0)
System memory in use before: 144.8 MB.
System memory in use after: 140.7 MB.

Unloading 77 unused Assets to reduce memory usage. Loaded Objects now: 3753.
Total: 4.155400 ms (FindLiveObjects: 0.269500 ms CreateObjectMapping: 0.139800 ms MarkObjects: 1.351200 ms  DeleteObjects: 2.394200 ms)

AssetImportWorkerClient::OnTransportError - code=2 error=End of file
