Using pre-set license
Built from '2020.2/release' branch; Version is '2020.2.2f1 (068178b99f32) revision 426360'; Using compiler version '192528614'; Build Type 'Release'
OS: 'Windows 10 Home; OS build 19042.985; Version 2009; 64bit' Language: 'en' Physical Memory: 32690 MB
BatchMode: 1, IsHumanControllingUs: 0, StartBugReporterOnCrash: 0, Is64bit: 1, IsPro: 0

 COMMAND LINE ARGUMENTS:
C:\Program Files (x86)\2020.2.2f1\Editor\Unity.exe
-adb2
-batchMode
-noUpm
-name
AssetImportWorker0
-projectPath
D:/CET345/CET345Game/RockandStonev0.01
-logFile
Logs/AssetImportWorker0.log
-srvPort
53573
Successfully changed project path to: D:/CET345/CET345Game/RockandStonev0.01
D:/CET345/CET345Game/RockandStonev0.01
Using Asset Import Pipeline V2.
Refreshing native plugins compatible for Editor in 51.81 ms, found 0 plugins.
Preloading 0 native plugins for Editor in 0.00 ms.
Initialize engine version: 2020.2.2f1 (068178b99f32)
[Subsystems] Discovering subsystems at path C:/Program Files (x86)/2020.2.2f1/Editor/Data/Resources/UnitySubsystems
[Subsystems] Discovering subsystems at path D:/CET345/CET345Game/RockandStonev0.01/Assets
GfxDevice: creating device client; threaded=0
Direct3D:
    Version:  Direct3D 11.0 [level 11.1]
    Renderer: NVIDIA GeForce RTX 3080 (ID=0x2206)
    Vendor:   
    VRAM:     10078 MB
    Driver:   27.21.14.6647
Initialize mono
Mono path[0] = 'C:/Program Files (x86)/2020.2.2f1/Editor/Data/Managed'
Mono path[1] = 'C:/Program Files (x86)/2020.2.2f1/Editor/Data/MonoBleedingEdge/lib/mono/unityjit'
Mono config path = 'C:/Program Files (x86)/2020.2.2f1/Editor/Data/MonoBleedingEdge/etc'
Using monoOptions --debugger-agent=transport=dt_socket,embedding=1,server=y,suspend=n,address=127.0.0.1:56172
Begin MonoManager ReloadAssembly
Registering precompiled unity dll's ...
Register platform support module: C:/Program Files (x86)/2020.2.2f1/Editor/Data/PlaybackEngines/WindowsStandaloneSupport/UnityEditor.WindowsStandalone.Extensions.dll
Registered in 0.001382 seconds.
Native extension for WindowsStandalone target not found
Refreshing native plugins compatible for Editor in 50.74 ms, found 0 plugins.
Preloading 0 native plugins for Editor in 0.00 ms.
Invoked RoslynAnalysisRunner static constructor.
RoslynAnalysisRunner will not be running.
RoslynAnalysisRunner has terminated.
Mono: successfully reloaded assembly
- Completed reload, in  0.758 seconds
Platform modules already initialized, skipping
Registering precompiled user dll's ...
Registered in 0.001090 seconds.
Begin MonoManager ReloadAssembly
Native extension for WindowsStandalone target not found
Refreshing native plugins compatible for Editor in 54.79 ms, found 0 plugins.
Preloading 0 native plugins for Editor in 0.00 ms.
Invoked RoslynAnalysisRunner static constructor.
RoslynAnalysisRunner will not be running.
RoslynAnalysisRunner has terminated.
Mono: successfully reloaded assembly
- Completed reload, in  0.845 seconds
Platform modules already initialized, skipping
========================================================================
Worker process is ready to serve import requests
Launched and connected shader compiler UnityShaderCompiler.exe after 0.03 seconds
Refreshing native plugins compatible for Editor in 0.43 ms, found 0 plugins.
Preloading 0 native plugins for Editor in 0.00 ms.
Unloading 3320 Unused Serialized files (Serialized files now loaded: 0)
System memory in use before: 143.5 MB.
System memory in use after: 139.4 MB.

Unloading 81 unused Assets to reduce memory usage. Loaded Objects now: 3695.
Total: 4.118000 ms (FindLiveObjects: 0.399900 ms CreateObjectMapping: 0.207100 ms MarkObjects: 1.351000 ms  DeleteObjects: 2.159300 ms)

========================================================================
Received Import Request.
  path: Assets/Scripts/Resources/ResourceNode.cs
  artifactKey: Guid(2e40267f43c6aae498311e656e986b9f) Importer(815301076,1909f56bfc062723c751e8b465ee728b)
Start importing Assets/Scripts/Resources/ResourceNode.cs using Guid(2e40267f43c6aae498311e656e986b9f) Importer(815301076,1909f56bfc062723c751e8b465ee728b)  -> (artifact id: '01c2fcdf94797c0531f027201136d0f9') in 0.063787 seconds
  Import took 0.067634 seconds .

========================================================================
Received Prepare
Registering precompiled user dll's ...
Registered in 0.001020 seconds.
Begin MonoManager ReloadAssembly
Native extension for WindowsStandalone target not found
Refreshing native plugins compatible for Editor in 0.43 ms, found 0 plugins.
Preloading 0 native plugins for Editor in 0.00 ms.
Invoked RoslynAnalysisRunner static constructor.
RoslynAnalysisRunner will not be running.
RoslynAnalysisRunner has terminated.
Mono: successfully reloaded assembly
- Completed reload, in  0.744 seconds
Platform modules already initialized, skipping
Refreshing native plugins compatible for Editor in 0.45 ms, found 0 plugins.
Preloading 0 native plugins for Editor in 0.00 ms.
Unloading 3290 Unused Serialized files (Serialized files now loaded: 0)
System memory in use before: 142.6 MB.
System memory in use after: 138.5 MB.

Unloading 76 unused Assets to reduce memory usage. Loaded Objects now: 3697.
Total: 4.359100 ms (FindLiveObjects: 0.277300 ms CreateObjectMapping: 0.162700 ms MarkObjects: 1.774000 ms  DeleteObjects: 2.144000 ms)

========================================================================
Received Import Request.
  Time since last request: 19.667023 seconds.
  path: Assets/Scripts/Resources/ResourceChunk.cs
  artifactKey: Guid(4d35245a856aa64498a46cef3aed876a) Importer(815301076,1909f56bfc062723c751e8b465ee728b)
Start importing Assets/Scripts/Resources/ResourceChunk.cs using Guid(4d35245a856aa64498a46cef3aed876a) Importer(815301076,1909f56bfc062723c751e8b465ee728b)  -> (artifact id: 'dfc208bc7d3eadd08444a41588dc0211') in 0.007150 seconds
  Import took 0.011112 seconds .

========================================================================
Received Prepare
Registering precompiled user dll's ...
Registered in 0.000976 seconds.
Begin MonoManager ReloadAssembly
Native extension for WindowsStandalone target not found
Refreshing native plugins compatible for Editor in 0.44 ms, found 0 plugins.
Preloading 0 native plugins for Editor in 0.00 ms.
Invoked RoslynAnalysisRunner static constructor.
RoslynAnalysisRunner will not be running.
RoslynAnalysisRunner has terminated.
Mono: successfully reloaded assembly
- Completed reload, in  0.741 seconds
Platform modules already initialized, skipping
Refreshing native plugins compatible for Editor in 0.43 ms, found 0 plugins.
Preloading 0 native plugins for Editor in 0.00 ms.
Unloading 3290 Unused Serialized files (Serialized files now loaded: 0)
System memory in use before: 142.6 MB.
System memory in use after: 138.5 MB.

Unloading 76 unused Assets to reduce memory usage. Loaded Objects now: 3699.
Total: 3.777300 ms (FindLiveObjects: 0.250000 ms CreateObjectMapping: 0.155600 ms MarkObjects: 1.265200 ms  DeleteObjects: 2.105500 ms)

========================================================================
Received Prepare
Registering precompiled user dll's ...
Registered in 0.001003 seconds.
Begin MonoManager ReloadAssembly
Native extension for WindowsStandalone target not found
Refreshing native plugins compatible for Editor in 0.43 ms, found 0 plugins.
Preloading 0 native plugins for Editor in 0.00 ms.
Invoked RoslynAnalysisRunner static constructor.
RoslynAnalysisRunner will not be running.
RoslynAnalysisRunner has terminated.
Mono: successfully reloaded assembly
- Completed reload, in  0.737 seconds
Platform modules already initialized, skipping
Refreshing native plugins compatible for Editor in 0.45 ms, found 0 plugins.
Preloading 0 native plugins for Editor in 0.00 ms.
Unloading 3290 Unused Serialized files (Serialized files now loaded: 0)
System memory in use before: 142.6 MB.
System memory in use after: 138.6 MB.

Unloading 76 unused Assets to reduce memory usage. Loaded Objects now: 3701.
Total: 4.216400 ms (FindLiveObjects: 0.283900 ms CreateObjectMapping: 0.173200 ms MarkObjects: 1.374700 ms  DeleteObjects: 2.383600 ms)

========================================================================
Received Import Request.
  Time since last request: 1187.618555 seconds.
  path: Assets/Scripts/Resources/ResourceNode.cs
  artifactKey: Guid(2e40267f43c6aae498311e656e986b9f) Importer(815301076,1909f56bfc062723c751e8b465ee728b)
Start importing Assets/Scripts/Resources/ResourceNode.cs using Guid(2e40267f43c6aae498311e656e986b9f) Importer(815301076,1909f56bfc062723c751e8b465ee728b)  -> (artifact id: 'a8bb6890d1e74c74d33d198a7ae8375e') in 0.004876 seconds
  Import took 0.008789 seconds .

========================================================================
Received Prepare
Registering precompiled user dll's ...
Registered in 0.000958 seconds.
Begin MonoManager ReloadAssembly
Native extension for WindowsStandalone target not found
Refreshing native plugins compatible for Editor in 0.43 ms, found 0 plugins.
Preloading 0 native plugins for Editor in 0.00 ms.
Invoked RoslynAnalysisRunner static constructor.
RoslynAnalysisRunner will not be running.
RoslynAnalysisRunner has terminated.
Mono: successfully reloaded assembly
- Completed reload, in  0.729 seconds
Platform modules already initialized, skipping
Refreshing native plugins compatible for Editor in 0.43 ms, found 0 plugins.
Preloading 0 native plugins for Editor in 0.00 ms.
Unloading 3290 Unused Serialized files (Serialized files now loaded: 0)
System memory in use before: 142.7 MB.
System memory in use after: 138.6 MB.

Unloading 76 unused Assets to reduce memory usage. Loaded Objects now: 3703.
Total: 3.838600 ms (FindLiveObjects: 0.241200 ms CreateObjectMapping: 0.134900 ms MarkObjects: 1.257500 ms  DeleteObjects: 2.204400 ms)

========================================================================
Received Prepare
Registering precompiled user dll's ...
Registered in 0.001073 seconds.
Begin MonoManager ReloadAssembly
Native extension for WindowsStandalone target not found
Refreshing native plugins compatible for Editor in 0.43 ms, found 0 plugins.
Preloading 0 native plugins for Editor in 0.00 ms.
Invoked RoslynAnalysisRunner static constructor.
RoslynAnalysisRunner will not be running.
RoslynAnalysisRunner has terminated.
Mono: successfully reloaded assembly
- Completed reload, in  0.719 seconds
Platform modules already initialized, skipping
Refreshing native plugins compatible for Editor in 0.46 ms, found 0 plugins.
Preloading 0 native plugins for Editor in 0.00 ms.
Unloading 3290 Unused Serialized files (Serialized files now loaded: 0)
System memory in use before: 142.7 MB.
System memory in use after: 138.6 MB.

Unloading 76 unused Assets to reduce memory usage. Loaded Objects now: 3705.
Total: 4.280200 ms (FindLiveObjects: 0.273500 ms CreateObjectMapping: 0.163500 ms MarkObjects: 1.396500 ms  DeleteObjects: 2.446000 ms)

